[0522/145303.952:ERROR:process_reader_win.cc(151)] SuspendThread: 액세스가 거부되었습니다. (0x5)
[0522/145303.960:ERROR:process_reader_win.cc(151)] SuspendThread: 액세스가 거부되었습니다. (0x5)
[0522/145303.960:ERROR:process_reader_win.cc(123)] NtOpenThread: {액세스 거부} 프로세스가 개체에 액세스를 요구했지만 액세스 권한이 없습니다. (0xc0000022)
[0522/145303.960:ERROR:exception_snapshot_win.cc(98)] thread ID 18920 not found in process
[0522/145304.053:ERROR:process_reader_win.cc(151)] SuspendThread: 액세스가 거부되었습니다. (0x5)
[0522/145304.053:ERROR:process_reader_win.cc(123)] NtOpenThread: {액세스 거부} 프로세스가 개체에 액세스를 요구했지만 액세스 권한이 없습니다. (0xc0000022)
[0522/145304.053:ERROR:exception_snapshot_win.cc(98)] thread ID 17708 not found in process
[0522/150346.097:ERROR:process_reader_win.cc(123)] NtOpenThread: {액세스 거부} 프로세스가 개체에 액세스를 요구했지만 액세스 권한이 없습니다. (0xc0000022)
[0522/150346.099:ERROR:exception_snapshot_win.cc(98)] thread ID 21028 not found in process
[0522/150346.208:ERROR:process_reader_win.cc(123)] NtOpenThread: {액세스 거부} 프로세스가 개체에 액세스를 요구했지만 액세스 권한이 없습니다. (0xc0000022)
[0522/150346.208:ERROR:exception_snapshot_win.cc(98)] thread ID 17644 not found in process
[0522/150828.353:ERROR:process_reader_win.cc(123)] NtOpenThread: {액세스 거부} 프로세스가 개체에 액세스를 요구했지만 액세스 권한이 없습니다. (0xc0000022)
[0522/150828.353:ERROR:exception_snapshot_win.cc(98)] thread ID 5432 not found in process
[0522/150828.386:ERROR:process_reader_win.cc(123)] NtOpenThread: {액세스 거부} 프로세스가 개체에 액세스를 요구했지만 액세스 권한이 없습니다. (0xc0000022)
[0522/150828.386:ERROR:exception_snapshot_win.cc(98)] thread ID 12740 not found in process
[0522/150942.775:ERROR:process_reader_win.cc(123)] NtOpenThread: {액세스 거부} 프로세스가 개체에 액세스를 요구했지만 액세스 권한이 없습니다. (0xc0000022)
[0522/150942.776:ERROR:exception_snapshot_win.cc(98)] thread ID 24552 not found in process
[0522/150942.816:ERROR:process_reader_win.cc(123)] NtOpenThread: {액세스 거부} 프로세스가 개체에 액세스를 요구했지만 액세스 권한이 없습니다. (0xc0000022)
[0522/150942.816:ERROR:exception_snapshot_win.cc(98)] thread ID 23412 not found in process
[0522/151018.256:ERROR:process_reader_win.cc(123)] NtOpenThread: {액세스 거부} 프로세스가 개체에 액세스를 요구했지만 액세스 권한이 없습니다. (0xc0000022)
[0522/151018.257:ERROR:exception_snapshot_win.cc(98)] thread ID 20028 not found in process
[0522/151018.320:ERROR:process_reader_win.cc(123)] NtOpenThread: {액세스 거부} 프로세스가 개체에 액세스를 요구했지만 액세스 권한이 없습니다. (0xc0000022)
[0522/151018.320:ERROR:exception_snapshot_win.cc(98)] thread ID 18608 not found in process
[0522/151312.609:ERROR:process_reader_win.cc(123)] NtOpenThread: {액세스 거부} 프로세스가 개체에 액세스를 요구했지만 액세스 권한이 없습니다. (0xc0000022)
[0522/151312.609:ERROR:exception_snapshot_win.cc(98)] thread ID 15244 not found in process
[0522/151312.645:ERROR:process_reader_win.cc(123)] NtOpenThread: {액세스 거부} 프로세스가 개체에 액세스를 요구했지만 액세스 권한이 없습니다. (0xc0000022)
[0522/151312.645:ERROR:exception_snapshot_win.cc(98)] thread ID 18152 not found in process
[0522/151522.369:ERROR:process_reader_win.cc(123)] NtOpenThread: {액세스 거부} 프로세스가 개체에 액세스를 요구했지만 액세스 권한이 없습니다. (0xc0000022)
[0522/151522.370:ERROR:exception_snapshot_win.cc(98)] thread ID 5808 not found in process
[0522/151522.371:ERROR:process_reader_win.cc(123)] NtOpenThread: {액세스 거부} 프로세스가 개체에 액세스를 요구했지만 액세스 권한이 없습니다. (0xc0000022)
[0522/151522.372:ERROR:exception_snapshot_win.cc(98)] thread ID 7984 not found in process
[0522/151748.471:ERROR:process_reader_win.cc(123)] NtOpenThread: {액세스 거부} 프로세스가 개체에 액세스를 요구했지만 액세스 권한이 없습니다. (0xc0000022)
[0522/151748.471:ERROR:exception_snapshot_win.cc(98)] thread ID 2004 not found in process
[0522/151748.487:ERROR:process_reader_win.cc(123)] NtOpenThread: {액세스 거부} 프로세스가 개체에 액세스를 요구했지만 액세스 권한이 없습니다. (0xc0000022)
[0522/151748.487:ERROR:exception_snapshot_win.cc(98)] thread ID 9980 not found in process
[0522/153305.993:ERROR:process_reader_win.cc(123)] NtOpenThread: {액세스 거부} 프로세스가 개체에 액세스를 요구했지만 액세스 권한이 없습니다. (0xc0000022)
[0522/153305.994:ERROR:exception_snapshot_win.cc(98)] thread ID 8364 not found in process
[0522/153306.026:ERROR:process_reader_win.cc(123)] NtOpenThread: {액세스 거부} 프로세스가 개체에 액세스를 요구했지만 액세스 권한이 없습니다. (0xc0000022)
[0522/153306.026:ERROR:exception_snapshot_win.cc(98)] thread ID 3200 not found in process
[0522/154427.725:ERROR:process_reader_win.cc(123)] NtOpenThread: {액세스 거부} 프로세스가 개체에 액세스를 요구했지만 액세스 권한이 없습니다. (0xc0000022)
[0522/154427.725:ERROR:exception_snapshot_win.cc(98)] thread ID 6004 not found in process
[0522/154427.753:ERROR:process_reader_win.cc(123)] NtOpenThread: {액세스 거부} 프로세스가 개체에 액세스를 요구했지만 액세스 권한이 없습니다. (0xc0000022)
[0522/154427.753:ERROR:exception_snapshot_win.cc(98)] thread ID 20704 not found in process
[0522/155201.197:ERROR:process_reader_win.cc(123)] NtOpenThread: {액세스 거부} 프로세스가 개체에 액세스를 요구했지만 액세스 권한이 없습니다. (0xc0000022)
[0522/155201.198:ERROR:exception_snapshot_win.cc(98)] thread ID 5844 not found in process
[0522/155201.307:ERROR:process_reader_win.cc(123)] NtOpenThread: {액세스 거부} 프로세스가 개체에 액세스를 요구했지만 액세스 권한이 없습니다. (0xc0000022)
[0522/155201.307:ERROR:exception_snapshot_win.cc(98)] thread ID 22664 not found in process
[0522/155225.667:ERROR:process_reader_win.cc(123)] NtOpenThread: {액세스 거부} 프로세스가 개체에 액세스를 요구했지만 액세스 권한이 없습니다. (0xc0000022)
[0522/155225.667:ERROR:exception_snapshot_win.cc(98)] thread ID 21388 not found in process
[0522/155225.774:ERROR:process_reader_win.cc(123)] NtOpenThread: {액세스 거부} 프로세스가 개체에 액세스를 요구했지만 액세스 권한이 없습니다. (0xc0000022)
[0522/155225.774:ERROR:exception_snapshot_win.cc(98)] thread ID 18044 not found in process
[0522/155316.796:ERROR:process_reader_win.cc(123)] NtOpenThread: {액세스 거부} 프로세스가 개체에 액세스를 요구했지만 액세스 권한이 없습니다. (0xc0000022)
[0522/155316.797:ERROR:exception_snapshot_win.cc(98)] thread ID 23956 not found in process
[0522/155316.830:ERROR:process_reader_win.cc(123)] NtOpenThread: {액세스 거부} 프로세스가 개체에 액세스를 요구했지만 액세스 권한이 없습니다. (0xc0000022)
[0522/155316.830:ERROR:exception_snapshot_win.cc(98)] thread ID 3968 not found in process
[0522/155340.141:ERROR:process_reader_win.cc(123)] NtOpenThread: {액세스 거부} 프로세스가 개체에 액세스를 요구했지만 액세스 권한이 없습니다. (0xc0000022)
[0522/155340.141:ERROR:exception_snapshot_win.cc(98)] thread ID 21280 not found in process
[0522/155340.202:ERROR:process_info.cc(329)] VirtualQueryEx: 액세스가 거부되었습니다. (0x5)
[0522/155340.203:ERROR:process_info.cc(556)] ReadMemoryInfo failed
[0522/155340.203:ERROR:process_memory_win.cc(39)] Failed to initialize ProcessInfo.
[0522/155340.203:ERROR:scoped_process_suspend.cc(40)] NtResumeProcess: 기존 프로세스에 액세스하려고 했습니다. (0xc000010a)
[0522/155748.990:ERROR:process_reader_win.cc(123)] NtOpenThread: {액세스 거부} 프로세스가 개체에 액세스를 요구했지만 액세스 권한이 없습니다. (0xc0000022)
[0522/155748.991:ERROR:exception_snapshot_win.cc(98)] thread ID 18524 not found in process
[0522/155749.048:ERROR:process_info.cc(329)] VirtualQueryEx: 액세스가 거부되었습니다. (0x5)
[0522/155749.048:ERROR:process_info.cc(556)] ReadMemoryInfo failed
[0522/155749.048:ERROR:process_memory_win.cc(39)] Failed to initialize ProcessInfo.
[0522/155749.049:ERROR:scoped_process_suspend.cc(40)] NtResumeProcess: 기존 프로세스에 액세스하려고 했습니다. (0xc000010a)
[0522/155810.531:ERROR:process_reader_win.cc(123)] NtOpenThread: {액세스 거부} 프로세스가 개체에 액세스를 요구했지만 액세스 권한이 없습니다. (0xc0000022)
[0522/155810.531:ERROR:exception_snapshot_win.cc(98)] thread ID 7352 not found in process
[0522/155810.588:ERROR:process_reader_win.cc(123)] NtOpenThread: {액세스 거부} 프로세스가 개체에 액세스를 요구했지만 액세스 권한이 없습니다. (0xc0000022)
[0522/155810.590:ERROR:exception_snapshot_win.cc(98)] thread ID 5100 not found in process
[0522/155840.200:ERROR:process_reader_win.cc(123)] NtOpenThread: {액세스 거부} 프로세스가 개체에 액세스를 요구했지만 액세스 권한이 없습니다. (0xc0000022)
[0522/155840.200:ERROR:exception_snapshot_win.cc(98)] thread ID 5340 not found in process
[0522/155840.281:ERROR:process_reader_win.cc(123)] NtOpenThread: {액세스 거부} 프로세스가 개체에 액세스를 요구했지만 액세스 권한이 없습니다. (0xc0000022)
[0522/155840.281:ERROR:exception_snapshot_win.cc(98)] thread ID 23924 not found in process
[0522/160024.707:ERROR:process_reader_win.cc(123)] NtOpenThread: {액세스 거부} 프로세스가 개체에 액세스를 요구했지만 액세스 권한이 없습니다. (0xc0000022)
[0522/160024.708:ERROR:exception_snapshot_win.cc(98)] thread ID 4364 not found in process
[0522/160024.760:ERROR:process_reader_win.cc(123)] NtOpenThread: {액세스 거부} 프로세스가 개체에 액세스를 요구했지만 액세스 권한이 없습니다. (0xc0000022)
[0522/160024.760:ERROR:exception_snapshot_win.cc(98)] thread ID 9592 not found in process
[0522/160024.792:ERROR:process_reader_win.cc(123)] NtOpenThread: {액세스 거부} 프로세스가 개체에 액세스를 요구했지만 액세스 권한이 없습니다. (0xc0000022)
[0522/160024.792:ERROR:exception_snapshot_win.cc(98)] thread ID 13184 not found in process
[0522/160038.003:ERROR:process_reader_win.cc(123)] NtOpenThread: {액세스 거부} 프로세스가 개체에 액세스를 요구했지만 액세스 권한이 없습니다. (0xc0000022)
[0522/160038.003:ERROR:exception_snapshot_win.cc(98)] thread ID 14796 not found in process
[0522/160038.009:ERROR:process_reader_win.cc(151)] SuspendThread: 액세스가 거부되었습니다. (0x5)
[0522/160038.009:ERROR:process_reader_win.cc(123)] NtOpenThread: {액세스 거부} 프로세스가 개체에 액세스를 요구했지만 액세스 권한이 없습니다. (0xc0000022)
[0522/160038.009:ERROR:exception_snapshot_win.cc(98)] thread ID 16212 not found in process
[0522/160038.096:ERROR:process_reader_win.cc(123)] NtOpenThread: {액세스 거부} 프로세스가 개체에 액세스를 요구했지만 액세스 권한이 없습니다. (0xc0000022)
[0522/160038.096:ERROR:exception_snapshot_win.cc(98)] thread ID 20660 not found in process
[0522/160131.581:ERROR:process_reader_win.cc(123)] NtOpenThread: {액세스 거부} 프로세스가 개체에 액세스를 요구했지만 액세스 권한이 없습니다. (0xc0000022)
[0522/160131.581:ERROR:exception_snapshot_win.cc(98)] thread ID 15264 not found in process
[0522/160131.690:ERROR:process_reader_win.cc(123)] NtOpenThread: {액세스 거부} 프로세스가 개체에 액세스를 요구했지만 액세스 권한이 없습니다. (0xc0000022)
[0522/160131.690:ERROR:exception_snapshot_win.cc(98)] thread ID 22620 not found in process
[0522/163851.858:ERROR:process_reader_win.cc(123)] NtOpenThread: {액세스 거부} 프로세스가 개체에 액세스를 요구했지만 액세스 권한이 없습니다. (0xc0000022)
[0522/163851.858:ERROR:exception_snapshot_win.cc(98)] thread ID 22444 not found in process
[0522/163851.912:ERROR:process_reader_win.cc(123)] NtOpenThread: {액세스 거부} 프로세스가 개체에 액세스를 요구했지만 액세스 권한이 없습니다. (0xc0000022)
[0522/163851.912:ERROR:exception_snapshot_win.cc(98)] thread ID 23160 not found in process
[0522/164046.734:ERROR:process_reader_win.cc(123)] NtOpenThread: {액세스 거부} 프로세스가 개체에 액세스를 요구했지만 액세스 권한이 없습니다. (0xc0000022)
[0522/164046.734:ERROR:exception_snapshot_win.cc(98)] thread ID 10652 not found in process
[0522/164046.824:ERROR:process_reader_win.cc(123)] NtOpenThread: {액세스 거부} 프로세스가 개체에 액세스를 요구했지만 액세스 권한이 없습니다. (0xc0000022)
[0522/164046.824:ERROR:exception_snapshot_win.cc(98)] thread ID 20160 not found in process
[0522/164340.546:ERROR:process_reader_win.cc(123)] NtOpenThread: {액세스 거부} 프로세스가 개체에 액세스를 요구했지만 액세스 권한이 없습니다. (0xc0000022)
[0522/164340.547:ERROR:exception_snapshot_win.cc(98)] thread ID 7312 not found in process
[0522/164340.560:ERROR:process_info.cc(329)] VirtualQueryEx: 액세스가 거부되었습니다. (0x5)
[0522/164340.561:ERROR:process_info.cc(556)] ReadMemoryInfo failed
[0522/164340.561:ERROR:scoped_process_suspend.cc(40)] NtResumeProcess: 기존 프로세스에 액세스하려고 했습니다. (0xc000010a)
[0522/164428.575:ERROR:process_reader_win.cc(123)] NtOpenThread: {액세스 거부} 프로세스가 개체에 액세스를 요구했지만 액세스 권한이 없습니다. (0xc0000022)
[0522/164428.577:ERROR:exception_snapshot_win.cc(98)] thread ID 22824 not found in process
[0522/164428.633:ERROR:process_reader_win.cc(123)] NtOpenThread: {액세스 거부} 프로세스가 개체에 액세스를 요구했지만 액세스 권한이 없습니다. (0xc0000022)
[0522/164428.635:ERROR:exception_snapshot_win.cc(98)] thread ID 19292 not found in process
[0522/164618.310:ERROR:process_reader_win.cc(123)] NtOpenThread: {액세스 거부} 프로세스가 개체에 액세스를 요구했지만 액세스 권한이 없습니다. (0xc0000022)
[0522/164618.310:ERROR:exception_snapshot_win.cc(98)] thread ID 2660 not found in process
[0522/164618.326:ERROR:process_reader_win.cc(123)] NtOpenThread: {액세스 거부} 프로세스가 개체에 액세스를 요구했지만 액세스 권한이 없습니다. (0xc0000022)
[0522/164618.326:ERROR:exception_snapshot_win.cc(98)] thread ID 9812 not found in process
[0522/164634.936:ERROR:process_reader_win.cc(151)] SuspendThread: 액세스가 거부되었습니다. (0x5)
[0522/164634.937:ERROR:process_reader_win.cc(123)] NtOpenThread: {액세스 거부} 프로세스가 개체에 액세스를 요구했지만 액세스 권한이 없습니다. (0xc0000022)
[0522/164634.937:ERROR:exception_snapshot_win.cc(98)] thread ID 17812 not found in process
[0522/164634.939:ERROR:process_reader_win.cc(151)] SuspendThread: 액세스가 거부되었습니다. (0x5)
[0522/164634.939:ERROR:process_reader_win.cc(151)] SuspendThread: 액세스가 거부되었습니다. (0x5)
[0522/164634.939:ERROR:process_reader_win.cc(123)] NtOpenThread: {액세스 거부} 프로세스가 개체에 액세스를 요구했지만 액세스 권한이 없습니다. (0xc0000022)
[0522/164634.939:ERROR:exception_snapshot_win.cc(98)] thread ID 19652 not found in process
[0522/164634.973:ERROR:process_reader_win.cc(123)] NtOpenThread: {액세스 거부} 프로세스가 개체에 액세스를 요구했지만 액세스 권한이 없습니다. (0xc0000022)
[0522/164634.973:ERROR:exception_snapshot_win.cc(98)] thread ID 14724 not found in process
[0522/165120.947:ERROR:process_reader_win.cc(123)] NtOpenThread: {액세스 거부} 프로세스가 개체에 액세스를 요구했지만 액세스 권한이 없습니다. (0xc0000022)
[0522/165120.947:ERROR:exception_snapshot_win.cc(98)] thread ID 16284 not found in process
[0522/165120.965:ERROR:process_reader_win.cc(108)] process 24052 not found
[0522/165120.965:ERROR:exception_snapshot_win.cc(98)] thread ID 10412 not found in process
[0522/165120.965:ERROR:scoped_process_suspend.cc(40)] NtResumeProcess: 기존 프로세스에 액세스하려고 했습니다. (0xc000010a)
[0522/165136.465:ERROR:process_reader_win.cc(123)] NtOpenThread: {액세스 거부} 프로세스가 개체에 액세스를 요구했지만 액세스 권한이 없습니다. (0xc0000022)
[0522/165136.466:ERROR:exception_snapshot_win.cc(98)] thread ID 22868 not found in process
[0522/165136.537:ERROR:process_reader_win.cc(123)] NtOpenThread: {액세스 거부} 프로세스가 개체에 액세스를 요구했지만 액세스 권한이 없습니다. (0xc0000022)
[0522/165136.537:ERROR:exception_snapshot_win.cc(98)] thread ID 15016 not found in process
[0522/165136.601:ERROR:process_info.cc(329)] VirtualQueryEx: 액세스가 거부되었습니다. (0x5)
[0522/165136.601:ERROR:process_info.cc(556)] ReadMemoryInfo failed
[0522/165136.601:ERROR:process_memory_win.cc(39)] Failed to initialize ProcessInfo.
[0522/165136.601:ERROR:scoped_process_suspend.cc(40)] NtResumeProcess: 기존 프로세스에 액세스하려고 했습니다. (0xc000010a)
[0522/165329.288:ERROR:process_reader_win.cc(123)] NtOpenThread: {액세스 거부} 프로세스가 개체에 액세스를 요구했지만 액세스 권한이 없습니다. (0xc0000022)
[0522/165329.289:ERROR:exception_snapshot_win.cc(98)] thread ID 18324 not found in process
[0522/165329.300:ERROR:process_reader_win.cc(123)] NtOpenThread: {액세스 거부} 프로세스가 개체에 액세스를 요구했지만 액세스 권한이 없습니다. (0xc0000022)
[0522/165329.300:ERROR:exception_snapshot_win.cc(98)] thread ID 20832 not found in process
[0522/165536.930:ERROR:process_reader_win.cc(123)] NtOpenThread: {액세스 거부} 프로세스가 개체에 액세스를 요구했지만 액세스 권한이 없습니다. (0xc0000022)
[0522/165536.931:ERROR:exception_snapshot_win.cc(98)] thread ID 5004 not found in process
[0522/165536.963:ERROR:process_reader_win.cc(123)] NtOpenThread: {액세스 거부} 프로세스가 개체에 액세스를 요구했지만 액세스 권한이 없습니다. (0xc0000022)
[0522/165536.963:ERROR:exception_snapshot_win.cc(98)] thread ID 23036 not found in process
[0522/165619.823:ERROR:process_reader_win.cc(151)] SuspendThread: 액세스가 거부되었습니다. (0x5)
[0522/165619.824:ERROR:process_reader_win.cc(151)] SuspendThread: 액세스가 거부되었습니다. (0x5)
[0522/165619.824:ERROR:process_reader_win.cc(123)] NtOpenThread: {액세스 거부} 프로세스가 개체에 액세스를 요구했지만 액세스 권한이 없습니다. (0xc0000022)
[0522/165619.825:ERROR:exception_snapshot_win.cc(98)] thread ID 6984 not found in process
[0522/165619.989:ERROR:process_reader_win.cc(123)] NtOpenThread: {액세스 거부} 프로세스가 개체에 액세스를 요구했지만 액세스 권한이 없습니다. (0xc0000022)
[0522/165619.989:ERROR:exception_snapshot_win.cc(98)] thread ID 3400 not found in process
[0522/165927.310:ERROR:process_reader_win.cc(123)] NtOpenThread: {액세스 거부} 프로세스가 개체에 액세스를 요구했지만 액세스 권한이 없습니다. (0xc0000022)
[0522/165927.310:ERROR:exception_snapshot_win.cc(98)] thread ID 7836 not found in process
[0522/165927.378:ERROR:process_info.cc(329)] VirtualQueryEx: 액세스가 거부되었습니다. (0x5)
[0522/165927.378:ERROR:process_info.cc(556)] ReadMemoryInfo failed
[0522/165927.378:ERROR:process_memory_win.cc(39)] Failed to initialize ProcessInfo.
[0522/165927.378:ERROR:scoped_process_suspend.cc(40)] NtResumeProcess: 기존 프로세스에 액세스하려고 했습니다. (0xc000010a)
[0522/170108.314:ERROR:process_reader_win.cc(123)] NtOpenThread: {액세스 거부} 프로세스가 개체에 액세스를 요구했지만 액세스 권한이 없습니다. (0xc0000022)
[0522/170108.314:ERROR:exception_snapshot_win.cc(98)] thread ID 2276 not found in process
[0522/170108.314:ERROR:process_reader_win.cc(123)] NtOpenThread: {액세스 거부} 프로세스가 개체에 액세스를 요구했지만 액세스 권한이 없습니다. (0xc0000022)
[0522/170108.314:ERROR:exception_snapshot_win.cc(98)] thread ID 18080 not found in process
[0522/170215.809:ERROR:process_reader_win.cc(123)] NtOpenThread: {액세스 거부} 프로세스가 개체에 액세스를 요구했지만 액세스 권한이 없습니다. (0xc0000022)
[0522/170215.810:ERROR:exception_snapshot_win.cc(98)] thread ID 23160 not found in process
[0522/170215.877:ERROR:process_reader_win.cc(123)] NtOpenThread: {액세스 거부} 프로세스가 개체에 액세스를 요구했지만 액세스 권한이 없습니다. (0xc0000022)
[0522/170215.877:ERROR:exception_snapshot_win.cc(98)] thread ID 20552 not found in process
[0522/170215.902:ERROR:process_info.cc(329)] VirtualQueryEx: 액세스가 거부되었습니다. (0x5)
[0522/170215.902:ERROR:process_info.cc(556)] ReadMemoryInfo failed
[0522/170215.902:ERROR:process_memory_win.cc(39)] Failed to initialize ProcessInfo.
[0522/170215.902:ERROR:scoped_process_suspend.cc(40)] NtResumeProcess: 기존 프로세스에 액세스하려고 했습니다. (0xc000010a)
[0522/170240.990:ERROR:process_reader_win.cc(123)] NtOpenThread: {액세스 거부} 프로세스가 개체에 액세스를 요구했지만 액세스 권한이 없습니다. (0xc0000022)
[0522/170240.990:ERROR:exception_snapshot_win.cc(98)] thread ID 8492 not found in process
[0522/170241.065:ERROR:process_reader_win.cc(123)] NtOpenThread: {액세스 거부} 프로세스가 개체에 액세스를 요구했지만 액세스 권한이 없습니다. (0xc0000022)
[0522/170241.066:ERROR:exception_snapshot_win.cc(98)] thread ID 18144 not found in process
[0522/170421.985:ERROR:process_reader_win.cc(123)] NtOpenThread: {액세스 거부} 프로세스가 개체에 액세스를 요구했지만 액세스 권한이 없습니다. (0xc0000022)
[0522/170421.987:ERROR:exception_snapshot_win.cc(98)] thread ID 21752 not found in process
[0522/170422.017:ERROR:process_reader_win.cc(123)] NtOpenThread: {액세스 거부} 프로세스가 개체에 액세스를 요구했지만 액세스 권한이 없습니다. (0xc0000022)
[0522/170422.017:ERROR:exception_snapshot_win.cc(98)] thread ID 18732 not found in process
[0522/170441.642:ERROR:process_reader_win.cc(123)] NtOpenThread: {액세스 거부} 프로세스가 개체에 액세스를 요구했지만 액세스 권한이 없습니다. (0xc0000022)
[0522/170441.642:ERROR:exception_snapshot_win.cc(98)] thread ID 19280 not found in process
[0522/170441.657:ERROR:process_reader_win.cc(123)] NtOpenThread: {액세스 거부} 프로세스가 개체에 액세스를 요구했지만 액세스 권한이 없습니다. (0xc0000022)
[0522/170441.657:ERROR:exception_snapshot_win.cc(98)] thread ID 11308 not found in process
[0522/170441.679:ERROR:process_reader_win.cc(123)] NtOpenThread: {액세스 거부} 프로세스가 개체에 액세스를 요구했지만 액세스 권한이 없습니다. (0xc0000022)
[0522/170441.679:ERROR:exception_snapshot_win.cc(98)] thread ID 9364 not found in process
[0522/170817.417:ERROR:process_reader_win.cc(123)] NtOpenThread: {액세스 거부} 프로세스가 개체에 액세스를 요구했지만 액세스 권한이 없습니다. (0xc0000022)
[0522/170817.417:ERROR:exception_snapshot_win.cc(98)] thread ID 4756 not found in process
[0522/170817.442:ERROR:process_reader_win.cc(123)] NtOpenThread: {액세스 거부} 프로세스가 개체에 액세스를 요구했지만 액세스 권한이 없습니다. (0xc0000022)
[0522/170817.442:ERROR:exception_snapshot_win.cc(98)] thread ID 852 not found in process
[0522/170822.277:ERROR:process_reader_win.cc(123)] NtOpenThread: {액세스 거부} 프로세스가 개체에 액세스를 요구했지만 액세스 권한이 없습니다. (0xc0000022)
[0522/170822.278:ERROR:exception_snapshot_win.cc(98)] thread ID 15244 not found in process
[0522/170822.309:ERROR:process_reader_win.cc(123)] NtOpenThread: {액세스 거부} 프로세스가 개체에 액세스를 요구했지만 액세스 권한이 없습니다. (0xc0000022)
[0522/170822.309:ERROR:exception_snapshot_win.cc(98)] thread ID 6988 not found in process
[0522/171522.218:ERROR:process_reader_win.cc(123)] NtOpenThread: {액세스 거부} 프로세스가 개체에 액세스를 요구했지만 액세스 권한이 없습니다. (0xc0000022)
[0522/171522.221:ERROR:exception_snapshot_win.cc(98)] thread ID 3796 not found in process
[0522/171522.263:ERROR:process_info.cc(329)] VirtualQueryEx: 액세스가 거부되었습니다. (0x5)
[0522/171522.263:ERROR:process_info.cc(556)] ReadMemoryInfo failed
[0522/171522.263:ERROR:process_memory_win.cc(39)] Failed to initialize ProcessInfo.
[0522/171522.263:ERROR:scoped_process_suspend.cc(40)] NtResumeProcess: 기존 프로세스에 액세스하려고 했습니다. (0xc000010a)
[0522/171803.023:ERROR:process_reader_win.cc(123)] NtOpenThread: {액세스 거부} 프로세스가 개체에 액세스를 요구했지만 액세스 권한이 없습니다. (0xc0000022)
[0522/171803.024:ERROR:exception_snapshot_win.cc(98)] thread ID 17756 not found in process
[0522/171803.040:ERROR:process_info.cc(329)] VirtualQueryEx: 액세스가 거부되었습니다. (0x5)
[0522/171803.055:ERROR:process_info.cc(556)] ReadMemoryInfo failed
[0522/171803.055:ERROR:process_memory_win.cc(39)] Failed to initialize ProcessInfo.
[0522/171803.055:ERROR:scoped_process_suspend.cc(40)] NtResumeProcess: 기존 프로세스에 액세스하려고 했습니다. (0xc000010a)
[0522/171850.693:ERROR:process_reader_win.cc(123)] NtOpenThread: {액세스 거부} 프로세스가 개체에 액세스를 요구했지만 액세스 권한이 없습니다. (0xc0000022)
[0522/171850.693:ERROR:exception_snapshot_win.cc(98)] thread ID 5964 not found in process
[0522/171850.809:ERROR:process_info.cc(329)] VirtualQueryEx: 액세스가 거부되었습니다. (0x5)
[0522/171850.809:ERROR:process_info.cc(556)] ReadMemoryInfo failed
[0522/171850.809:ERROR:process_memory_win.cc(39)] Failed to initialize ProcessInfo.
[0522/171850.809:ERROR:scoped_process_suspend.cc(40)] NtResumeProcess: 기존 프로세스에 액세스하려고 했습니다. (0xc000010a)
[0522/171850.857:ERROR:process_reader_win.cc(123)] NtOpenThread: {액세스 거부} 프로세스가 개체에 액세스를 요구했지만 액세스 권한이 없습니다. (0xc0000022)
[0522/171850.857:ERROR:exception_snapshot_win.cc(98)] thread ID 8116 not found in process
[0522/171917.044:ERROR:process_reader_win.cc(123)] NtOpenThread: {액세스 거부} 프로세스가 개체에 액세스를 요구했지만 액세스 권한이 없습니다. (0xc0000022)
[0522/171917.044:ERROR:exception_snapshot_win.cc(98)] thread ID 16848 not found in process
[0522/171917.136:ERROR:process_reader_win.cc(123)] NtOpenThread: {액세스 거부} 프로세스가 개체에 액세스를 요구했지만 액세스 권한이 없습니다. (0xc0000022)
[0522/171917.137:ERROR:exception_snapshot_win.cc(98)] thread ID 18176 not found in process
[0522/172328.072:ERROR:process_reader_win.cc(123)] NtOpenThread: {액세스 거부} 프로세스가 개체에 액세스를 요구했지만 액세스 권한이 없습니다. (0xc0000022)
[0522/172328.073:ERROR:exception_snapshot_win.cc(98)] thread ID 21940 not found in process
[0522/172328.106:ERROR:process_reader_win.cc(123)] NtOpenThread: {액세스 거부} 프로세스가 개체에 액세스를 요구했지만 액세스 권한이 없습니다. (0xc0000022)
[0522/172328.106:ERROR:exception_snapshot_win.cc(98)] thread ID 572 not found in process
[0522/172438.793:ERROR:process_reader_win.cc(123)] NtOpenThread: {액세스 거부} 프로세스가 개체에 액세스를 요구했지만 액세스 권한이 없습니다. (0xc0000022)
[0522/172438.794:ERROR:exception_snapshot_win.cc(98)] thread ID 22120 not found in process
[0522/172438.842:ERROR:process_info.cc(329)] VirtualQueryEx: 액세스가 거부되었습니다. (0x5)
[0522/172438.843:ERROR:process_info.cc(556)] ReadMemoryInfo failed
[0522/172438.843:ERROR:scoped_process_suspend.cc(40)] NtResumeProcess: 기존 프로세스에 액세스하려고 했습니다. (0xc000010a)
[0522/172709.241:ERROR:process_reader_win.cc(123)] NtOpenThread: {액세스 거부} 프로세스가 개체에 액세스를 요구했지만 액세스 권한이 없습니다. (0xc0000022)
[0522/172709.242:ERROR:exception_snapshot_win.cc(98)] thread ID 7664 not found in process
[0522/172709.251:ERROR:process_reader_win.cc(123)] NtOpenThread: {액세스 거부} 프로세스가 개체에 액세스를 요구했지만 액세스 권한이 없습니다. (0xc0000022)
[0522/172709.251:ERROR:exception_snapshot_win.cc(98)] thread ID 7500 not found in process
[0522/173039.400:ERROR:process_reader_win.cc(123)] NtOpenThread: {액세스 거부} 프로세스가 개체에 액세스를 요구했지만 액세스 권한이 없습니다. (0xc0000022)
[0522/173039.401:ERROR:exception_snapshot_win.cc(98)] thread ID 23408 not found in process
[0522/173039.447:ERROR:process_reader_win.cc(123)] NtOpenThread: {액세스 거부} 프로세스가 개체에 액세스를 요구했지만 액세스 권한이 없습니다. (0xc0000022)
[0522/173039.447:ERROR:exception_snapshot_win.cc(98)] thread ID 18776 not found in process
[0522/173807.972:ERROR:process_reader_win.cc(123)] NtOpenThread: {액세스 거부} 프로세스가 개체에 액세스를 요구했지만 액세스 권한이 없습니다. (0xc0000022)
[0522/173807.972:ERROR:exception_snapshot_win.cc(98)] thread ID 3560 not found in process
[0522/173807.998:ERROR:process_reader_win.cc(123)] NtOpenThread: {액세스 거부} 프로세스가 개체에 액세스를 요구했지만 액세스 권한이 없습니다. (0xc0000022)
[0522/173807.998:ERROR:exception_snapshot_win.cc(98)] thread ID 20276 not found in process
[0522/173938.366:ERROR:process_reader_win.cc(123)] NtOpenThread: {액세스 거부} 프로세스가 개체에 액세스를 요구했지만 액세스 권한이 없습니다. (0xc0000022)
[0522/173938.367:ERROR:exception_snapshot_win.cc(98)] thread ID 7008 not found in process
[0522/173938.473:ERROR:process_reader_win.cc(123)] NtOpenThread: {액세스 거부} 프로세스가 개체에 액세스를 요구했지만 액세스 권한이 없습니다. (0xc0000022)
[0522/173938.473:ERROR:exception_snapshot_win.cc(98)] thread ID 1648 not found in process
[0522/174136.420:ERROR:process_reader_win.cc(151)] SuspendThread: 액세스가 거부되었습니다. (0x5)
[0522/174136.421:ERROR:process_reader_win.cc(151)] SuspendThread: 액세스가 거부되었습니다. (0x5)
[0522/174136.422:ERROR:process_reader_win.cc(151)] SuspendThread: 액세스가 거부되었습니다. (0x5)
[0522/174136.422:ERROR:process_reader_win.cc(151)] SuspendThread: 액세스가 거부되었습니다. (0x5)
[0522/174136.422:ERROR:process_reader_win.cc(151)] SuspendThread: 액세스가 거부되었습니다. (0x5)
[0522/174136.422:ERROR:process_reader_win.cc(151)] SuspendThread: 액세스가 거부되었습니다. (0x5)
[0522/174136.422:ERROR:process_reader_win.cc(123)] NtOpenThread: {액세스 거부} 프로세스가 개체에 액세스를 요구했지만 액세스 권한이 없습니다. (0xc0000022)
[0522/174136.423:ERROR:exception_snapshot_win.cc(98)] thread ID 15284 not found in process
[0522/174136.506:ERROR:process_info.cc(329)] VirtualQueryEx: 액세스가 거부되었습니다. (0x5)
[0522/174136.506:ERROR:process_info.cc(556)] ReadMemoryInfo failed
[0522/174136.506:ERROR:process_memory_win.cc(39)] Failed to initialize ProcessInfo.
[0522/174136.506:ERROR:scoped_process_suspend.cc(40)] NtResumeProcess: 기존 프로세스에 액세스하려고 했습니다. (0xc000010a)
[0522/174136.521:ERROR:process_reader_win.cc(123)] NtOpenThread: {액세스 거부} 프로세스가 개체에 액세스를 요구했지만 액세스 권한이 없습니다. (0xc0000022)
[0522/174136.521:ERROR:exception_snapshot_win.cc(98)] thread ID 18068 not found in process
[0522/174214.643:ERROR:process_reader_win.cc(123)] NtOpenThread: {액세스 거부} 프로세스가 개체에 액세스를 요구했지만 액세스 권한이 없습니다. (0xc0000022)
[0522/174214.644:ERROR:exception_snapshot_win.cc(98)] thread ID 22988 not found in process
[0522/174214.690:ERROR:process_info.cc(329)] VirtualQueryEx: 액세스가 거부되었습니다. (0x5)
[0522/174214.691:ERROR:process_info.cc(556)] ReadMemoryInfo failed
[0522/174214.691:ERROR:process_memory_win.cc(39)] Failed to initialize ProcessInfo.
[0522/174214.691:ERROR:scoped_process_suspend.cc(40)] NtResumeProcess: 기존 프로세스에 액세스하려고 했습니다. (0xc000010a)
[0522/174908.077:ERROR:process_reader_win.cc(123)] NtOpenThread: {액세스 거부} 프로세스가 개체에 액세스를 요구했지만 액세스 권한이 없습니다. (0xc0000022)
[0522/174908.077:ERROR:exception_snapshot_win.cc(98)] thread ID 9624 not found in process
[0522/174908.182:ERROR:process_reader_win.cc(123)] NtOpenThread: {액세스 거부} 프로세스가 개체에 액세스를 요구했지만 액세스 권한이 없습니다. (0xc0000022)
[0522/174908.182:ERROR:exception_snapshot_win.cc(98)] thread ID 18580 not found in process
[0522/174943.095:ERROR:process_reader_win.cc(151)] SuspendThread: 액세스가 거부되었습니다. (0x5)
[0522/174943.097:ERROR:process_reader_win.cc(123)] NtOpenThread: {액세스 거부} 프로세스가 개체에 액세스를 요구했지만 액세스 권한이 없습니다. (0xc0000022)
[0522/174943.097:ERROR:exception_snapshot_win.cc(98)] thread ID 20292 not found in process
[0522/174943.109:ERROR:process_reader_win.cc(151)] SuspendThread: 액세스가 거부되었습니다. (0x5)
[0522/174943.109:ERROR:process_reader_win.cc(151)] SuspendThread: 액세스가 거부되었습니다. (0x5)
[0522/174943.109:ERROR:process_reader_win.cc(123)] NtOpenThread: {액세스 거부} 프로세스가 개체에 액세스를 요구했지만 액세스 권한이 없습니다. (0xc0000022)
[0522/174943.109:ERROR:exception_snapshot_win.cc(98)] thread ID 24064 not found in process
[0522/174943.184:ERROR:process_reader_win.cc(123)] NtOpenThread: {액세스 거부} 프로세스가 개체에 액세스를 요구했지만 액세스 권한이 없습니다. (0xc0000022)
[0522/174943.184:ERROR:exception_snapshot_win.cc(98)] thread ID 19432 not found in process
[0522/175001.523:ERROR:process_reader_win.cc(151)] SuspendThread: 액세스가 거부되었습니다. (0x5)
[0522/175001.523:ERROR:process_reader_win.cc(123)] NtOpenThread: {액세스 거부} 프로세스가 개체에 액세스를 요구했지만 액세스 권한이 없습니다. (0xc0000022)
[0522/175001.524:ERROR:exception_snapshot_win.cc(98)] thread ID 14252 not found in process
[0522/175001.532:ERROR:process_reader_win.cc(151)] SuspendThread: 액세스가 거부되었습니다. (0x5)
[0522/175001.532:ERROR:process_reader_win.cc(151)] SuspendThread: 액세스가 거부되었습니다. (0x5)
[0522/175001.532:ERROR:process_reader_win.cc(123)] NtOpenThread: {액세스 거부} 프로세스가 개체에 액세스를 요구했지만 액세스 권한이 없습니다. (0xc0000022)
[0522/175001.532:ERROR:exception_snapshot_win.cc(98)] thread ID 13412 not found in process
[0522/175001.607:ERROR:process_reader_win.cc(151)] SuspendThread: 액세스가 거부되었습니다. (0x5)
[0522/175001.607:ERROR:process_reader_win.cc(151)] SuspendThread: 액세스가 거부되었습니다. (0x5)
[0522/175001.607:ERROR:process_reader_win.cc(151)] SuspendThread: 액세스가 거부되었습니다. (0x5)
[0522/175001.607:ERROR:process_reader_win.cc(151)] SuspendThread: 액세스가 거부되었습니다. (0x5)
[0522/175001.607:ERROR:process_reader_win.cc(123)] NtOpenThread: {액세스 거부} 프로세스가 개체에 액세스를 요구했지만 액세스 권한이 없습니다. (0xc0000022)
[0522/175001.608:ERROR:exception_snapshot_win.cc(98)] thread ID 18508 not found in process
[0522/175312.015:ERROR:process_reader_win.cc(123)] NtOpenThread: {액세스 거부} 프로세스가 개체에 액세스를 요구했지만 액세스 권한이 없습니다. (0xc0000022)
[0522/175312.016:ERROR:exception_snapshot_win.cc(98)] thread ID 18556 not found in process
[0522/175312.077:ERROR:process_info.cc(329)] VirtualQueryEx: 액세스가 거부되었습니다. (0x5)
[0522/175312.079:ERROR:process_info.cc(556)] ReadMemoryInfo failed
[0522/175312.079:ERROR:process_memory_win.cc(39)] Failed to initialize ProcessInfo.
[0522/175312.079:ERROR:scoped_process_suspend.cc(40)] NtResumeProcess: 기존 프로세스에 액세스하려고 했습니다. (0xc000010a)
[0522/175605.805:ERROR:process_reader_win.cc(123)] NtOpenThread: {액세스 거부} 프로세스가 개체에 액세스를 요구했지만 액세스 권한이 없습니다. (0xc0000022)
[0522/175605.806:ERROR:exception_snapshot_win.cc(98)] thread ID 3776 not found in process
[0522/175605.907:ERROR:process_reader_win.cc(123)] NtOpenThread: {액세스 거부} 프로세스가 개체에 액세스를 요구했지만 액세스 권한이 없습니다. (0xc0000022)
[0522/175605.907:ERROR:exception_snapshot_win.cc(98)] thread ID 23076 not found in process
[0522/175736.865:ERROR:process_reader_win.cc(123)] NtOpenThread: {액세스 거부} 프로세스가 개체에 액세스를 요구했지만 액세스 권한이 없습니다. (0xc0000022)
[0522/175736.866:ERROR:exception_snapshot_win.cc(98)] thread ID 21744 not found in process
[0522/175737.013:ERROR:process_reader_win.cc(123)] NtOpenThread: {액세스 거부} 프로세스가 개체에 액세스를 요구했지만 액세스 권한이 없습니다. (0xc0000022)
[0522/175737.013:ERROR:exception_snapshot_win.cc(98)] thread ID 9528 not found in process
[0522/175805.235:ERROR:process_reader_win.cc(123)] NtOpenThread: {액세스 거부} 프로세스가 개체에 액세스를 요구했지만 액세스 권한이 없습니다. (0xc0000022)
[0522/175805.236:ERROR:exception_snapshot_win.cc(98)] thread ID 10560 not found in process
[0522/175805.269:ERROR:process_reader_win.cc(123)] NtOpenThread: {액세스 거부} 프로세스가 개체에 액세스를 요구했지만 액세스 권한이 없습니다. (0xc0000022)
[0522/175805.269:ERROR:exception_snapshot_win.cc(98)] thread ID 7092 not found in process
[0522/175857.764:ERROR:process_reader_win.cc(123)] NtOpenThread: {액세스 거부} 프로세스가 개체에 액세스를 요구했지만 액세스 권한이 없습니다. (0xc0000022)
[0522/175857.764:ERROR:exception_snapshot_win.cc(98)] thread ID 17384 not found in process
[0522/175857.795:ERROR:process_reader_win.cc(123)] NtOpenThread: {액세스 거부} 프로세스가 개체에 액세스를 요구했지만 액세스 권한이 없습니다. (0xc0000022)
[0522/175857.795:ERROR:exception_snapshot_win.cc(98)] thread ID 1592 not found in process
[0522/180022.599:ERROR:process_reader_win.cc(151)] SuspendThread: 액세스가 거부되었습니다. (0x5)
[0522/180022.599:ERROR:process_reader_win.cc(151)] SuspendThread: 액세스가 거부되었습니다. (0x5)
[0522/180022.599:ERROR:process_reader_win.cc(123)] NtOpenThread: {액세스 거부} 프로세스가 개체에 액세스를 요구했지만 액세스 권한이 없습니다. (0xc0000022)
[0522/180022.599:ERROR:exception_snapshot_win.cc(98)] thread ID 1892 not found in process
[0522/180022.723:ERROR:process_reader_win.cc(123)] NtOpenThread: {액세스 거부} 프로세스가 개체에 액세스를 요구했지만 액세스 권한이 없습니다. (0xc0000022)
[0522/180022.723:ERROR:exception_snapshot_win.cc(98)] thread ID 23360 not found in process
[0522/180039.163:ERROR:process_reader_win.cc(151)] SuspendThread: 액세스가 거부되었습니다. (0x5)
[0522/180039.164:ERROR:process_reader_win.cc(151)] SuspendThread: 액세스가 거부되었습니다. (0x5)
[0522/180039.164:ERROR:process_reader_win.cc(123)] NtOpenThread: {액세스 거부} 프로세스가 개체에 액세스를 요구했지만 액세스 권한이 없습니다. (0xc0000022)
[0522/180039.164:ERROR:exception_snapshot_win.cc(98)] thread ID 3652 not found in process
[0522/180039.216:ERROR:process_reader_win.cc(123)] NtOpenThread: {액세스 거부} 프로세스가 개체에 액세스를 요구했지만 액세스 권한이 없습니다. (0xc0000022)
[0522/180039.216:ERROR:exception_snapshot_win.cc(98)] thread ID 1692 not found in process
[0522/180039.222:ERROR:process_reader_win.cc(123)] NtOpenThread: {액세스 거부} 프로세스가 개체에 액세스를 요구했지만 액세스 권한이 없습니다. (0xc0000022)
[0522/180039.222:ERROR:exception_snapshot_win.cc(98)] thread ID 14940 not found in process
[0522/180143.813:ERROR:process_reader_win.cc(123)] NtOpenThread: {액세스 거부} 프로세스가 개체에 액세스를 요구했지만 액세스 권한이 없습니다. (0xc0000022)
[0522/180143.814:ERROR:exception_snapshot_win.cc(98)] thread ID 23168 not found in process
[0522/180143.836:ERROR:process_reader_win.cc(123)] NtOpenThread: {액세스 거부} 프로세스가 개체에 액세스를 요구했지만 액세스 권한이 없습니다. (0xc0000022)
[0522/180143.837:ERROR:exception_snapshot_win.cc(98)] thread ID 10404 not found in process
[0522/180349.778:ERROR:process_reader_win.cc(123)] NtOpenThread: {액세스 거부} 프로세스가 개체에 액세스를 요구했지만 액세스 권한이 없습니다. (0xc0000022)
[0522/180349.778:ERROR:exception_snapshot_win.cc(98)] thread ID 18908 not found in process
[0522/180349.823:ERROR:process_info.cc(329)] VirtualQueryEx: 액세스가 거부되었습니다. (0x5)
[0522/180349.824:ERROR:process_info.cc(556)] ReadMemoryInfo failed
[0522/180349.824:ERROR:process_memory_win.cc(39)] Failed to initialize ProcessInfo.
[0522/180349.824:ERROR:scoped_process_suspend.cc(40)] NtResumeProcess: 기존 프로세스에 액세스하려고 했습니다. (0xc000010a)
[0522/180547.503:ERROR:process_reader_win.cc(123)] NtOpenThread: {액세스 거부} 프로세스가 개체에 액세스를 요구했지만 액세스 권한이 없습니다. (0xc0000022)
[0522/180547.503:ERROR:exception_snapshot_win.cc(98)] thread ID 23760 not found in process
[0522/180547.637:ERROR:process_reader_win.cc(123)] NtOpenThread: {액세스 거부} 프로세스가 개체에 액세스를 요구했지만 액세스 권한이 없습니다. (0xc0000022)
[0522/180547.637:ERROR:exception_snapshot_win.cc(98)] thread ID 10976 not found in process
[0522/181106.639:ERROR:process_reader_win.cc(123)] NtOpenThread: {액세스 거부} 프로세스가 개체에 액세스를 요구했지만 액세스 권한이 없습니다. (0xc0000022)
[0522/181106.639:ERROR:exception_snapshot_win.cc(98)] thread ID 8520 not found in process
[0522/181106.694:ERROR:process_reader_win.cc(123)] NtOpenThread: {액세스 거부} 프로세스가 개체에 액세스를 요구했지만 액세스 권한이 없습니다. (0xc0000022)
[0522/181106.694:ERROR:exception_snapshot_win.cc(98)] thread ID 7944 not found in process
[0522/182454.312:ERROR:process_reader_win.cc(151)] SuspendThread: 액세스가 거부되었습니다. (0x5)
[0522/182454.313:ERROR:process_reader_win.cc(151)] SuspendThread: 액세스가 거부되었습니다. (0x5)
[0522/182454.313:ERROR:process_reader_win.cc(123)] NtOpenThread: {액세스 거부} 프로세스가 개체에 액세스를 요구했지만 액세스 권한이 없습니다. (0xc0000022)
[0522/182454.314:ERROR:exception_snapshot_win.cc(98)] thread ID 19124 not found in process
[0522/182454.321:ERROR:process_reader_win.cc(151)] SuspendThread: 액세스가 거부되었습니다. (0x5)
[0522/182454.321:ERROR:process_reader_win.cc(123)] NtOpenThread: {액세스 거부} 프로세스가 개체에 액세스를 요구했지만 액세스 권한이 없습니다. (0xc0000022)
[0522/182454.321:ERROR:exception_snapshot_win.cc(98)] thread ID 21908 not found in process
[0522/182454.402:ERROR:process_reader_win.cc(151)] SuspendThread: 액세스가 거부되었습니다. (0x5)
[0522/182454.402:ERROR:process_reader_win.cc(151)] SuspendThread: 액세스가 거부되었습니다. (0x5)
[0522/182454.403:ERROR:process_reader_win.cc(151)] SuspendThread: 액세스가 거부되었습니다. (0x5)
[0522/182454.403:ERROR:process_reader_win.cc(151)] SuspendThread: 액세스가 거부되었습니다. (0x5)
[0522/182454.403:ERROR:process_reader_win.cc(123)] NtOpenThread: {액세스 거부} 프로세스가 개체에 액세스를 요구했지만 액세스 권한이 없습니다. (0xc0000022)
[0522/182454.403:ERROR:exception_snapshot_win.cc(98)] thread ID 6472 not found in process
[0522/182744.231:ERROR:process_reader_win.cc(123)] NtOpenThread: {액세스 거부} 프로세스가 개체에 액세스를 요구했지만 액세스 권한이 없습니다. (0xc0000022)
[0522/182744.231:ERROR:exception_snapshot_win.cc(98)] thread ID 3316 not found in process
[0522/182744.299:ERROR:process_info.cc(329)] VirtualQueryEx: 액세스가 거부되었습니다. (0x5)
[0522/182744.300:ERROR:process_info.cc(556)] ReadMemoryInfo failed
[0522/182744.300:ERROR:process_memory_win.cc(39)] Failed to initialize ProcessInfo.
[0522/182744.300:ERROR:scoped_process_suspend.cc(40)] NtResumeProcess: 기존 프로세스에 액세스하려고 했습니다. (0xc000010a)
[0522/183139.442:ERROR:process_reader_win.cc(123)] NtOpenThread: {액세스 거부} 프로세스가 개체에 액세스를 요구했지만 액세스 권한이 없습니다. (0xc0000022)
[0522/183139.442:ERROR:exception_snapshot_win.cc(98)] thread ID 19712 not found in process
[0522/183139.541:ERROR:process_reader_win.cc(123)] NtOpenThread: {액세스 거부} 프로세스가 개체에 액세스를 요구했지만 액세스 권한이 없습니다. (0xc0000022)
[0522/183139.541:ERROR:exception_snapshot_win.cc(98)] thread ID 6548 not found in process
[0522/183203.991:ERROR:process_reader_win.cc(123)] NtOpenThread: {액세스 거부} 프로세스가 개체에 액세스를 요구했지만 액세스 권한이 없습니다. (0xc0000022)
[0522/183203.991:ERROR:exception_snapshot_win.cc(98)] thread ID 11760 not found in process
[0522/183204.097:ERROR:process_reader_win.cc(123)] NtOpenThread: {액세스 거부} 프로세스가 개체에 액세스를 요구했지만 액세스 권한이 없습니다. (0xc0000022)
[0522/183204.097:ERROR:exception_snapshot_win.cc(98)] thread ID 404 not found in process
[0522/183715.342:ERROR:process_reader_win.cc(123)] NtOpenThread: {액세스 거부} 프로세스가 개체에 액세스를 요구했지만 액세스 권한이 없습니다. (0xc0000022)
[0522/183715.343:ERROR:exception_snapshot_win.cc(98)] thread ID 2012 not found in process
[0522/183715.494:ERROR:process_reader_win.cc(123)] NtOpenThread: {액세스 거부} 프로세스가 개체에 액세스를 요구했지만 액세스 권한이 없습니다. (0xc0000022)
[0522/183715.494:ERROR:exception_snapshot_win.cc(98)] thread ID 22068 not found in process
[0522/183910.846:ERROR:process_reader_win.cc(123)] NtOpenThread: {액세스 거부} 프로세스가 개체에 액세스를 요구했지만 액세스 권한이 없습니다. (0xc0000022)
[0522/183910.847:ERROR:exception_snapshot_win.cc(98)] thread ID 19168 not found in process
[0522/183910.903:ERROR:process_info.cc(329)] VirtualQueryEx: 액세스가 거부되었습니다. (0x5)
[0522/183910.903:ERROR:process_info.cc(556)] ReadMemoryInfo failed
[0522/183910.903:ERROR:process_memory_win.cc(39)] Failed to initialize ProcessInfo.
[0522/183910.903:ERROR:scoped_process_suspend.cc(40)] NtResumeProcess: 기존 프로세스에 액세스하려고 했습니다. (0xc000010a)
[0522/184135.903:ERROR:process_reader_win.cc(151)] SuspendThread: 액세스가 거부되었습니다. (0x5)
[0522/184135.903:ERROR:process_reader_win.cc(123)] NtOpenThread: {액세스 거부} 프로세스가 개체에 액세스를 요구했지만 액세스 권한이 없습니다. (0xc0000022)
[0522/184135.903:ERROR:exception_snapshot_win.cc(98)] thread ID 19628 not found in process
[0522/184136.203:ERROR:process_reader_win.cc(123)] NtOpenThread: {액세스 거부} 프로세스가 개체에 액세스를 요구했지만 액세스 권한이 없습니다. (0xc0000022)
[0522/184136.203:ERROR:exception_snapshot_win.cc(98)] thread ID 15472 not found in process
[0525/134643.823:ERROR:process_reader_win.cc(123)] NtOpenThread: {액세스 거부} 프로세스가 개체에 액세스를 요구했지만 액세스 권한이 없습니다. (0xc0000022)
[0525/134643.823:ERROR:exception_snapshot_win.cc(98)] thread ID 15444 not found in process
[0525/134643.886:ERROR:process_info.cc(329)] VirtualQueryEx: 액세스가 거부되었습니다. (0x5)
[0525/134643.886:ERROR:process_info.cc(556)] ReadMemoryInfo failed
[0525/134643.886:ERROR:process_memory_win.cc(39)] Failed to initialize ProcessInfo.
[0525/134643.886:ERROR:scoped_process_suspend.cc(40)] NtResumeProcess: 기존 프로세스에 액세스하려고 했습니다. (0xc000010a)
[0526/165530.885:ERROR:process_reader_win.cc(123)] NtOpenThread: {액세스 거부} 프로세스가 개체에 액세스를 요구했지만 액세스 권한이 없습니다. (0xc0000022)
[0526/165530.886:ERROR:exception_snapshot_win.cc(98)] thread ID 1944 not found in process
[0526/165530.919:ERROR:process_info.cc(329)] VirtualQueryEx: 액세스가 거부되었습니다. (0x5)
[0526/165530.919:ERROR:process_info.cc(556)] ReadMemoryInfo failed
[0526/165530.919:ERROR:process_memory_win.cc(39)] Failed to initialize ProcessInfo.
[0526/165530.919:ERROR:scoped_process_suspend.cc(40)] NtResumeProcess: 기존 프로세스에 액세스하려고 했습니다. (0xc000010a)
[0526/170032.844:ERROR:process_reader_win.cc(123)] NtOpenThread: {액세스 거부} 프로세스가 개체에 액세스를 요구했지만 액세스 권한이 없습니다. (0xc0000022)
[0526/170032.845:ERROR:exception_snapshot_win.cc(98)] thread ID 11280 not found in process
[0526/170032.899:ERROR:process_reader_win.cc(123)] NtOpenThread: {액세스 거부} 프로세스가 개체에 액세스를 요구했지만 액세스 권한이 없습니다. (0xc0000022)
[0526/170032.901:ERROR:exception_snapshot_win.cc(98)] thread ID 16444 not found in process
[0526/170126.990:ERROR:process_reader_win.cc(123)] NtOpenThread: {액세스 거부} 프로세스가 개체에 액세스를 요구했지만 액세스 권한이 없습니다. (0xc0000022)
[0526/170126.991:ERROR:exception_snapshot_win.cc(98)] thread ID 5912 not found in process
[0526/170126.994:ERROR:process_reader_win.cc(123)] NtOpenThread: {액세스 거부} 프로세스가 개체에 액세스를 요구했지만 액세스 권한이 없습니다. (0xc0000022)
[0526/170126.994:ERROR:exception_snapshot_win.cc(98)] thread ID 5044 not found in process
[0526/170234.654:ERROR:process_reader_win.cc(123)] NtOpenThread: {액세스 거부} 프로세스가 개체에 액세스를 요구했지만 액세스 권한이 없습니다. (0xc0000022)
[0526/170234.654:ERROR:exception_snapshot_win.cc(98)] thread ID 18492 not found in process
[0526/170234.663:ERROR:process_reader_win.cc(123)] NtOpenThread: {액세스 거부} 프로세스가 개체에 액세스를 요구했지만 액세스 권한이 없습니다. (0xc0000022)
[0526/170234.663:ERROR:exception_snapshot_win.cc(98)] thread ID 24324 not found in process
[0526/170234.702:ERROR:process_reader_win.cc(108)] process 17884 not found
[0526/170234.702:ERROR:exception_snapshot_win.cc(98)] thread ID 23320 not found in process
[0526/170234.702:ERROR:scoped_process_suspend.cc(40)] NtResumeProcess: 기존 프로세스에 액세스하려고 했습니다. (0xc000010a)
[0526/170359.299:ERROR:process_reader_win.cc(123)] NtOpenThread: {액세스 거부} 프로세스가 개체에 액세스를 요구했지만 액세스 권한이 없습니다. (0xc0000022)
[0526/170359.300:ERROR:exception_snapshot_win.cc(98)] thread ID 20008 not found in process
[0526/170359.355:ERROR:process_info.cc(329)] VirtualQueryEx: 액세스가 거부되었습니다. (0x5)
[0526/170359.355:ERROR:process_info.cc(556)] ReadMemoryInfo failed
[0526/170359.355:ERROR:process_memory_win.cc(39)] Failed to initialize ProcessInfo.
[0526/170359.355:ERROR:scoped_process_suspend.cc(40)] NtResumeProcess: 기존 프로세스에 액세스하려고 했습니다. (0xc000010a)
[0526/170459.888:ERROR:process_reader_win.cc(123)] NtOpenThread: {액세스 거부} 프로세스가 개체에 액세스를 요구했지만 액세스 권한이 없습니다. (0xc0000022)
[0526/170459.889:ERROR:exception_snapshot_win.cc(98)] thread ID 17208 not found in process
[0526/170459.948:ERROR:process_info.cc(329)] VirtualQueryEx: 액세스가 거부되었습니다. (0x5)
[0526/170459.949:ERROR:process_info.cc(556)] ReadMemoryInfo failed
[0526/170459.949:ERROR:process_memory_win.cc(39)] Failed to initialize ProcessInfo.
[0526/170459.949:ERROR:scoped_process_suspend.cc(40)] NtResumeProcess: 기존 프로세스에 액세스하려고 했습니다. (0xc000010a)
[0526/170708.558:ERROR:process_reader_win.cc(123)] NtOpenThread: {액세스 거부} 프로세스가 개체에 액세스를 요구했지만 액세스 권한이 없습니다. (0xc0000022)
[0526/170708.559:ERROR:exception_snapshot_win.cc(98)] thread ID 7480 not found in process
[0526/170708.645:ERROR:process_reader_win.cc(123)] NtOpenThread: {액세스 거부} 프로세스가 개체에 액세스를 요구했지만 액세스 권한이 없습니다. (0xc0000022)
[0526/170708.645:ERROR:exception_snapshot_win.cc(98)] thread ID 14364 not found in process
[0526/170909.718:ERROR:process_reader_win.cc(123)] NtOpenThread: {액세스 거부} 프로세스가 개체에 액세스를 요구했지만 액세스 권한이 없습니다. (0xc0000022)
[0526/170909.719:ERROR:exception_snapshot_win.cc(98)] thread ID 16308 not found in process
[0526/170909.721:ERROR:process_reader_win.cc(123)] NtOpenThread: {액세스 거부} 프로세스가 개체에 액세스를 요구했지만 액세스 권한이 없습니다. (0xc0000022)
[0526/170909.721:ERROR:exception_snapshot_win.cc(98)] thread ID 3468 not found in process
[0526/171430.096:ERROR:process_reader_win.cc(123)] NtOpenThread: {액세스 거부} 프로세스가 개체에 액세스를 요구했지만 액세스 권한이 없습니다. (0xc0000022)
[0526/171430.097:ERROR:exception_snapshot_win.cc(98)] thread ID 22200 not found in process
[0526/171430.211:ERROR:process_reader_win.cc(123)] NtOpenThread: {액세스 거부} 프로세스가 개체에 액세스를 요구했지만 액세스 권한이 없습니다. (0xc0000022)
[0526/171430.211:ERROR:exception_snapshot_win.cc(98)] thread ID 14108 not found in process
[0526/171707.795:ERROR:process_reader_win.cc(123)] NtOpenThread: {액세스 거부} 프로세스가 개체에 액세스를 요구했지만 액세스 권한이 없습니다. (0xc0000022)
[0526/171707.795:ERROR:exception_snapshot_win.cc(98)] thread ID 15672 not found in process
[0526/171707.943:ERROR:process_reader_win.cc(123)] NtOpenThread: {액세스 거부} 프로세스가 개체에 액세스를 요구했지만 액세스 권한이 없습니다. (0xc0000022)
[0526/171707.943:ERROR:exception_snapshot_win.cc(98)] thread ID 21652 not found in process
[0526/171804.185:ERROR:process_reader_win.cc(151)] SuspendThread: 액세스가 거부되었습니다. (0x5)
[0526/171804.186:ERROR:process_reader_win.cc(151)] SuspendThread: 액세스가 거부되었습니다. (0x5)
[0526/171804.186:ERROR:process_reader_win.cc(151)] SuspendThread: 액세스가 거부되었습니다. (0x5)
[0526/171804.186:ERROR:process_reader_win.cc(151)] SuspendThread: 액세스가 거부되었습니다. (0x5)
[0526/171804.187:ERROR:process_reader_win.cc(151)] SuspendThread: 액세스가 거부되었습니다. (0x5)
[0526/171804.187:ERROR:process_reader_win.cc(123)] NtOpenThread: {액세스 거부} 프로세스가 개체에 액세스를 요구했지만 액세스 권한이 없습니다. (0xc0000022)
[0526/171804.187:ERROR:exception_snapshot_win.cc(98)] thread ID 13504 not found in process
[0526/171804.280:ERROR:process_reader_win.cc(151)] SuspendThread: 액세스가 거부되었습니다. (0x5)
[0526/171804.281:ERROR:process_reader_win.cc(123)] NtOpenThread: {액세스 거부} 프로세스가 개체에 액세스를 요구했지만 액세스 권한이 없습니다. (0xc0000022)
[0526/171804.282:ERROR:exception_snapshot_win.cc(98)] thread ID 4784 not found in process
[0526/171804.340:ERROR:process_reader_win.cc(123)] NtOpenThread: {액세스 거부} 프로세스가 개체에 액세스를 요구했지만 액세스 권한이 없습니다. (0xc0000022)
[0526/171804.341:ERROR:exception_snapshot_win.cc(98)] thread ID 18796 not found in process
[0526/172142.254:ERROR:process_reader_win.cc(151)] SuspendThread: 액세스가 거부되었습니다. (0x5)
[0526/172142.259:ERROR:process_reader_win.cc(151)] SuspendThread: 액세스가 거부되었습니다. (0x5)
[0526/172142.259:ERROR:process_reader_win.cc(123)] NtOpenThread: {액세스 거부} 프로세스가 개체에 액세스를 요구했지만 액세스 권한이 없습니다. (0xc0000022)
[0526/172142.260:ERROR:exception_snapshot_win.cc(98)] thread ID 8516 not found in process
[0526/172142.482:ERROR:process_reader_win.cc(151)] SuspendThread: 액세스가 거부되었습니다. (0x5)
[0526/172142.482:ERROR:process_reader_win.cc(151)] SuspendThread: 액세스가 거부되었습니다. (0x5)
[0526/172142.482:ERROR:process_reader_win.cc(151)] SuspendThread: 액세스가 거부되었습니다. (0x5)
[0526/172142.482:ERROR:process_reader_win.cc(123)] NtOpenThread: {액세스 거부} 프로세스가 개체에 액세스를 요구했지만 액세스 권한이 없습니다. (0xc0000022)
[0526/172142.482:ERROR:exception_snapshot_win.cc(98)] thread ID 5416 not found in process
[0526/172500.650:ERROR:process_reader_win.cc(123)] NtOpenThread: {액세스 거부} 프로세스가 개체에 액세스를 요구했지만 액세스 권한이 없습니다. (0xc0000022)
[0526/172500.651:ERROR:exception_snapshot_win.cc(98)] thread ID 12436 not found in process
[0526/172500.714:ERROR:process_reader_win.cc(123)] NtOpenThread: {액세스 거부} 프로세스가 개체에 액세스를 요구했지만 액세스 권한이 없습니다. (0xc0000022)
[0526/172500.714:ERROR:exception_snapshot_win.cc(98)] thread ID 22536 not found in process
[0526/172653.575:ERROR:process_reader_win.cc(123)] NtOpenThread: {액세스 거부} 프로세스가 개체에 액세스를 요구했지만 액세스 권한이 없습니다. (0xc0000022)
[0526/172653.576:ERROR:exception_snapshot_win.cc(98)] thread ID 21188 not found in process
[0526/172653.614:ERROR:process_info.cc(329)] VirtualQueryEx: 액세스가 거부되었습니다. (0x5)
[0526/172653.614:ERROR:process_info.cc(556)] ReadMemoryInfo failed
[0526/172653.614:ERROR:process_memory_win.cc(39)] Failed to initialize ProcessInfo.
[0526/172653.614:ERROR:scoped_process_suspend.cc(40)] NtResumeProcess: 기존 프로세스에 액세스하려고 했습니다. (0xc000010a)
[0526/172811.316:ERROR:process_reader_win.cc(123)] NtOpenThread: {액세스 거부} 프로세스가 개체에 액세스를 요구했지만 액세스 권한이 없습니다. (0xc0000022)
[0526/172811.317:ERROR:exception_snapshot_win.cc(98)] thread ID 19368 not found in process
[0526/172811.343:ERROR:process_reader_win.cc(123)] NtOpenThread: {액세스 거부} 프로세스가 개체에 액세스를 요구했지만 액세스 권한이 없습니다. (0xc0000022)
[0526/172811.343:ERROR:exception_snapshot_win.cc(98)] thread ID 13196 not found in process
[0526/172950.812:ERROR:process_reader_win.cc(123)] NtOpenThread: {액세스 거부} 프로세스가 개체에 액세스를 요구했지만 액세스 권한이 없습니다. (0xc0000022)
[0526/172950.813:ERROR:exception_snapshot_win.cc(98)] thread ID 11428 not found in process
[0526/172950.849:ERROR:process_info.cc(329)] VirtualQueryEx: 액세스가 거부되었습니다. (0x5)
[0526/172950.850:ERROR:process_info.cc(556)] ReadMemoryInfo failed
[0526/172950.850:ERROR:process_memory_win.cc(39)] Failed to initialize ProcessInfo.
[0526/172950.850:ERROR:scoped_process_suspend.cc(40)] NtResumeProcess: 기존 프로세스에 액세스하려고 했습니다. (0xc000010a)
[0526/173114.681:ERROR:process_reader_win.cc(123)] NtOpenThread: {액세스 거부} 프로세스가 개체에 액세스를 요구했지만 액세스 권한이 없습니다. (0xc0000022)
[0526/173114.682:ERROR:exception_snapshot_win.cc(98)] thread ID 5444 not found in process
[0526/173114.714:ERROR:process_info.cc(329)] VirtualQueryEx: 액세스가 거부되었습니다. (0x5)
[0526/173114.715:ERROR:process_info.cc(556)] ReadMemoryInfo failed
[0526/173114.715:ERROR:process_memory_win.cc(39)] Failed to initialize ProcessInfo.
[0526/173114.716:ERROR:scoped_process_suspend.cc(40)] NtResumeProcess: 기존 프로세스에 액세스하려고 했습니다. (0xc000010a)
[0526/173223.344:ERROR:process_reader_win.cc(123)] NtOpenThread: {액세스 거부} 프로세스가 개체에 액세스를 요구했지만 액세스 권한이 없습니다. (0xc0000022)
[0526/173223.345:ERROR:exception_snapshot_win.cc(98)] thread ID 21888 not found in process
[0526/173223.502:ERROR:process_reader_win.cc(123)] NtOpenThread: {액세스 거부} 프로세스가 개체에 액세스를 요구했지만 액세스 권한이 없습니다. (0xc0000022)
[0526/173223.502:ERROR:exception_snapshot_win.cc(98)] thread ID 6476 not found in process
[0526/173533.670:ERROR:process_reader_win.cc(123)] NtOpenThread: {액세스 거부} 프로세스가 개체에 액세스를 요구했지만 액세스 권한이 없습니다. (0xc0000022)
[0526/173533.671:ERROR:exception_snapshot_win.cc(98)] thread ID 23856 not found in process
[0526/173533.736:ERROR:process_reader_win.cc(123)] NtOpenThread: {액세스 거부} 프로세스가 개체에 액세스를 요구했지만 액세스 권한이 없습니다. (0xc0000022)
[0526/173533.736:ERROR:exception_snapshot_win.cc(98)] thread ID 8832 not found in process
[0526/173608.293:ERROR:process_reader_win.cc(123)] NtOpenThread: {액세스 거부} 프로세스가 개체에 액세스를 요구했지만 액세스 권한이 없습니다. (0xc0000022)
[0526/173608.298:ERROR:exception_snapshot_win.cc(98)] thread ID 22472 not found in process
[0526/173608.377:ERROR:process_reader_win.cc(123)] NtOpenThread: {액세스 거부} 프로세스가 개체에 액세스를 요구했지만 액세스 권한이 없습니다. (0xc0000022)
[0526/173608.377:ERROR:exception_snapshot_win.cc(98)] thread ID 20844 not found in process
[0526/173659.941:ERROR:process_reader_win.cc(123)] NtOpenThread: {액세스 거부} 프로세스가 개체에 액세스를 요구했지만 액세스 권한이 없습니다. (0xc0000022)
[0526/173659.942:ERROR:exception_snapshot_win.cc(98)] thread ID 2276 not found in process
[0526/173659.972:ERROR:process_reader_win.cc(123)] NtOpenThread: {액세스 거부} 프로세스가 개체에 액세스를 요구했지만 액세스 권한이 없습니다. (0xc0000022)
[0526/173659.972:ERROR:exception_snapshot_win.cc(98)] thread ID 15608 not found in process
[0526/173708.326:ERROR:process_reader_win.cc(123)] NtOpenThread: {액세스 거부} 프로세스가 개체에 액세스를 요구했지만 액세스 권한이 없습니다. (0xc0000022)
[0526/173708.328:ERROR:exception_snapshot_win.cc(98)] thread ID 22880 not found in process
[0526/173708.356:ERROR:process_info.cc(329)] VirtualQueryEx: 액세스가 거부되었습니다. (0x5)
[0526/173708.356:ERROR:process_info.cc(556)] ReadMemoryInfo failed
[0526/173708.356:ERROR:process_memory_win.cc(39)] Failed to initialize ProcessInfo.
[0526/173708.356:ERROR:scoped_process_suspend.cc(40)] NtResumeProcess: 기존 프로세스에 액세스하려고 했습니다. (0xc000010a)
[0526/173853.748:ERROR:process_reader_win.cc(123)] NtOpenThread: {액세스 거부} 프로세스가 개체에 액세스를 요구했지만 액세스 권한이 없습니다. (0xc0000022)
[0526/173853.749:ERROR:exception_snapshot_win.cc(98)] thread ID 10744 not found in process
[0526/173853.905:ERROR:process_info.cc(329)] VirtualQueryEx: 액세스가 거부되었습니다. (0x5)
[0526/173853.905:ERROR:process_info.cc(556)] ReadMemoryInfo failed
[0526/173853.905:ERROR:process_memory_win.cc(39)] Failed to initialize ProcessInfo.
[0526/173853.905:ERROR:scoped_process_suspend.cc(40)] NtResumeProcess: 기존 프로세스에 액세스하려고 했습니다. (0xc000010a)
[0526/174644.030:ERROR:process_reader_win.cc(123)] NtOpenThread: {액세스 거부} 프로세스가 개체에 액세스를 요구했지만 액세스 권한이 없습니다. (0xc0000022)
[0526/174644.032:ERROR:exception_snapshot_win.cc(98)] thread ID 11884 not found in process
[0526/174644.179:ERROR:process_reader_win.cc(123)] NtOpenThread: {액세스 거부} 프로세스가 개체에 액세스를 요구했지만 액세스 권한이 없습니다. (0xc0000022)
[0526/174644.179:ERROR:exception_snapshot_win.cc(98)] thread ID 19688 not found in process
[0526/174806.504:ERROR:process_reader_win.cc(123)] NtOpenThread: {액세스 거부} 프로세스가 개체에 액세스를 요구했지만 액세스 권한이 없습니다. (0xc0000022)
[0526/174806.505:ERROR:exception_snapshot_win.cc(98)] thread ID 20172 not found in process
[0526/174806.506:ERROR:process_reader_win.cc(123)] NtOpenThread: {액세스 거부} 프로세스가 개체에 액세스를 요구했지만 액세스 권한이 없습니다. (0xc0000022)
[0526/174806.507:ERROR:exception_snapshot_win.cc(98)] thread ID 13188 not found in process
[0526/174943.638:ERROR:process_reader_win.cc(123)] NtOpenThread: {액세스 거부} 프로세스가 개체에 액세스를 요구했지만 액세스 권한이 없습니다. (0xc0000022)
[0526/174943.639:ERROR:exception_snapshot_win.cc(98)] thread ID 19036 not found in process
[0526/174943.716:ERROR:process_reader_win.cc(123)] NtOpenThread: {액세스 거부} 프로세스가 개체에 액세스를 요구했지만 액세스 권한이 없습니다. (0xc0000022)
[0526/174943.716:ERROR:exception_snapshot_win.cc(98)] thread ID 17800 not found in process
[0526/175130.329:ERROR:process_reader_win.cc(123)] NtOpenThread: {액세스 거부} 프로세스가 개체에 액세스를 요구했지만 액세스 권한이 없습니다. (0xc0000022)
[0526/175130.330:ERROR:exception_snapshot_win.cc(98)] thread ID 20520 not found in process
[0526/175130.360:ERROR:process_info.cc(329)] VirtualQueryEx: 액세스가 거부되었습니다. (0x5)
[0526/175130.361:ERROR:process_info.cc(556)] ReadMemoryInfo failed
[0526/175130.361:ERROR:process_memory_win.cc(39)] Failed to initialize ProcessInfo.
[0526/175130.362:ERROR:scoped_process_suspend.cc(40)] NtResumeProcess: 기존 프로세스에 액세스하려고 했습니다. (0xc000010a)
[0526/175154.376:ERROR:process_reader_win.cc(123)] NtOpenThread: {액세스 거부} 프로세스가 개체에 액세스를 요구했지만 액세스 권한이 없습니다. (0xc0000022)
[0526/175154.377:ERROR:exception_snapshot_win.cc(98)] thread ID 13472 not found in process
[0526/175154.462:ERROR:process_reader_win.cc(123)] NtOpenThread: {액세스 거부} 프로세스가 개체에 액세스를 요구했지만 액세스 권한이 없습니다. (0xc0000022)
[0526/175154.462:ERROR:exception_snapshot_win.cc(98)] thread ID 4836 not found in process
[0526/175308.643:ERROR:process_reader_win.cc(123)] NtOpenThread: {액세스 거부} 프로세스가 개체에 액세스를 요구했지만 액세스 권한이 없습니다. (0xc0000022)
[0526/175308.644:ERROR:exception_snapshot_win.cc(98)] thread ID 15248 not found in process
[0526/175308.742:ERROR:process_reader_win.cc(123)] NtOpenThread: {액세스 거부} 프로세스가 개체에 액세스를 요구했지만 액세스 권한이 없습니다. (0xc0000022)
[0526/175308.742:ERROR:exception_snapshot_win.cc(98)] thread ID 3124 not found in process
[0526/175443.145:ERROR:process_reader_win.cc(123)] NtOpenThread: {액세스 거부} 프로세스가 개체에 액세스를 요구했지만 액세스 권한이 없습니다. (0xc0000022)
[0526/175443.146:ERROR:exception_snapshot_win.cc(98)] thread ID 2276 not found in process
[0526/175443.220:ERROR:process_reader_win.cc(123)] NtOpenThread: {액세스 거부} 프로세스가 개체에 액세스를 요구했지만 액세스 권한이 없습니다. (0xc0000022)
[0526/175443.220:ERROR:exception_snapshot_win.cc(98)] thread ID 11044 not found in process
[0526/175512.917:ERROR:process_reader_win.cc(123)] NtOpenThread: {액세스 거부} 프로세스가 개체에 액세스를 요구했지만 액세스 권한이 없습니다. (0xc0000022)
[0526/175512.918:ERROR:exception_snapshot_win.cc(98)] thread ID 17580 not found in process
[0526/175512.940:ERROR:process_reader_win.cc(123)] NtOpenThread: {액세스 거부} 프로세스가 개체에 액세스를 요구했지만 액세스 권한이 없습니다. (0xc0000022)
[0526/175512.940:ERROR:exception_snapshot_win.cc(98)] thread ID 12604 not found in process
[0526/175647.293:ERROR:process_reader_win.cc(123)] NtOpenThread: {액세스 거부} 프로세스가 개체에 액세스를 요구했지만 액세스 권한이 없습니다. (0xc0000022)
[0526/175647.294:ERROR:exception_snapshot_win.cc(98)] thread ID 14412 not found in process
[0526/175647.374:ERROR:process_reader_win.cc(123)] NtOpenThread: {액세스 거부} 프로세스가 개체에 액세스를 요구했지만 액세스 권한이 없습니다. (0xc0000022)
[0526/175647.374:ERROR:exception_snapshot_win.cc(98)] thread ID 5888 not found in process
[0526/180500.980:ERROR:process_reader_win.cc(123)] NtOpenThread: {액세스 거부} 프로세스가 개체에 액세스를 요구했지만 액세스 권한이 없습니다. (0xc0000022)
[0526/180500.981:ERROR:exception_snapshot_win.cc(98)] thread ID 16496 not found in process
[0526/180501.051:ERROR:process_reader_win.cc(123)] NtOpenThread: {액세스 거부} 프로세스가 개체에 액세스를 요구했지만 액세스 권한이 없습니다. (0xc0000022)
[0526/180501.051:ERROR:exception_snapshot_win.cc(98)] thread ID 4992 not found in process
[0526/180913.854:ERROR:process_reader_win.cc(123)] NtOpenThread: {액세스 거부} 프로세스가 개체에 액세스를 요구했지만 액세스 권한이 없습니다. (0xc0000022)
[0526/180913.855:ERROR:exception_snapshot_win.cc(98)] thread ID 17896 not found in process
[0526/180913.930:ERROR:process_info.cc(329)] VirtualQueryEx: 액세스가 거부되었습니다. (0x5)
[0526/180913.930:ERROR:process_info.cc(556)] ReadMemoryInfo failed
[0526/180913.930:ERROR:process_memory_win.cc(39)] Failed to initialize ProcessInfo.
[0526/180913.930:ERROR:scoped_process_suspend.cc(40)] NtResumeProcess: 기존 프로세스에 액세스하려고 했습니다. (0xc000010a)
[0526/180955.305:ERROR:process_reader_win.cc(123)] NtOpenThread: {액세스 거부} 프로세스가 개체에 액세스를 요구했지만 액세스 권한이 없습니다. (0xc0000022)
[0526/180955.306:ERROR:exception_snapshot_win.cc(98)] thread ID 9372 not found in process
[0526/180955.388:ERROR:process_reader_win.cc(123)] NtOpenThread: {액세스 거부} 프로세스가 개체에 액세스를 요구했지만 액세스 권한이 없습니다. (0xc0000022)
[0526/180955.388:ERROR:exception_snapshot_win.cc(98)] thread ID 20184 not found in process
[0526/181353.678:ERROR:process_reader_win.cc(123)] NtOpenThread: {액세스 거부} 프로세스가 개체에 액세스를 요구했지만 액세스 권한이 없습니다. (0xc0000022)
[0526/181353.679:ERROR:exception_snapshot_win.cc(98)] thread ID 19624 not found in process
[0526/181353.696:ERROR:process_info.cc(329)] VirtualQueryEx: 액세스가 거부되었습니다. (0x5)
[0526/181353.698:ERROR:process_info.cc(556)] ReadMemoryInfo failed
[0526/181353.698:ERROR:scoped_process_suspend.cc(40)] NtResumeProcess: 기존 프로세스에 액세스하려고 했습니다. (0xc000010a)
[0526/181539.242:ERROR:process_reader_win.cc(123)] NtOpenThread: {액세스 거부} 프로세스가 개체에 액세스를 요구했지만 액세스 권한이 없습니다. (0xc0000022)
[0526/181539.243:ERROR:exception_snapshot_win.cc(98)] thread ID 21600 not found in process
[0526/181539.261:ERROR:process_reader_win.cc(108)] process 6424 not found
[0526/181539.261:ERROR:exception_snapshot_win.cc(98)] thread ID 11776 not found in process
[0526/181539.262:ERROR:scoped_process_suspend.cc(40)] NtResumeProcess: 기존 프로세스에 액세스하려고 했습니다. (0xc000010a)
[0526/181642.327:ERROR:process_reader_win.cc(123)] NtOpenThread: {액세스 거부} 프로세스가 개체에 액세스를 요구했지만 액세스 권한이 없습니다. (0xc0000022)
[0526/181642.328:ERROR:exception_snapshot_win.cc(98)] thread ID 10592 not found in process
[0526/181642.370:ERROR:process_reader_win.cc(123)] NtOpenThread: {액세스 거부} 프로세스가 개체에 액세스를 요구했지만 액세스 권한이 없습니다. (0xc0000022)
[0526/181642.371:ERROR:exception_snapshot_win.cc(98)] thread ID 4988 not found in process
[0526/181642.478:ERROR:process_reader_win.cc(123)] NtOpenThread: {액세스 거부} 프로세스가 개체에 액세스를 요구했지만 액세스 권한이 없습니다. (0xc0000022)
[0526/181642.478:ERROR:exception_snapshot_win.cc(98)] thread ID 23032 not found in process
[0526/182031.926:ERROR:process_reader_win.cc(123)] NtOpenThread: {액세스 거부} 프로세스가 개체에 액세스를 요구했지만 액세스 권한이 없습니다. (0xc0000022)
[0526/182031.927:ERROR:exception_snapshot_win.cc(98)] thread ID 4136 not found in process
[0526/182031.943:ERROR:process_reader_win.cc(123)] NtOpenThread: {액세스 거부} 프로세스가 개체에 액세스를 요구했지만 액세스 권한이 없습니다. (0xc0000022)
[0526/182031.943:ERROR:exception_snapshot_win.cc(98)] thread ID 17600 not found in process
[0526/182210.265:ERROR:process_reader_win.cc(123)] NtOpenThread: {액세스 거부} 프로세스가 개체에 액세스를 요구했지만 액세스 권한이 없습니다. (0xc0000022)
[0526/182210.265:ERROR:exception_snapshot_win.cc(98)] thread ID 1592 not found in process
[0526/182210.315:ERROR:process_reader_win.cc(123)] NtOpenThread: {액세스 거부} 프로세스가 개체에 액세스를 요구했지만 액세스 권한이 없습니다. (0xc0000022)
[0526/182210.315:ERROR:exception_snapshot_win.cc(98)] thread ID 5416 not found in process
[0527/100934.460:ERROR:process_reader_win.cc(123)] NtOpenThread: {액세스 거부} 프로세스가 개체에 액세스를 요구했지만 액세스 권한이 없습니다. (0xc0000022)
[0527/100934.462:ERROR:exception_snapshot_win.cc(98)] thread ID 4424 not found in process
[0527/100934.551:ERROR:process_reader_win.cc(123)] NtOpenThread: {액세스 거부} 프로세스가 개체에 액세스를 요구했지만 액세스 권한이 없습니다. (0xc0000022)
[0527/100934.551:ERROR:exception_snapshot_win.cc(98)] thread ID 16896 not found in process
[0527/101428.867:ERROR:process_reader_win.cc(123)] NtOpenThread: {액세스 거부} 프로세스가 개체에 액세스를 요구했지만 액세스 권한이 없습니다. (0xc0000022)
[0527/101428.867:ERROR:exception_snapshot_win.cc(98)] thread ID 9748 not found in process
[0527/101428.907:ERROR:process_info.cc(329)] VirtualQueryEx: 액세스가 거부되었습니다. (0x5)
[0527/101428.909:ERROR:process_info.cc(556)] ReadMemoryInfo failed
[0527/101428.909:ERROR:process_memory_win.cc(39)] Failed to initialize ProcessInfo.
[0527/101428.912:ERROR:scoped_process_suspend.cc(40)] NtResumeProcess: 기존 프로세스에 액세스하려고 했습니다. (0xc000010a)
[0527/101503.742:ERROR:process_reader_win.cc(123)] NtOpenThread: {액세스 거부} 프로세스가 개체에 액세스를 요구했지만 액세스 권한이 없습니다. (0xc0000022)
[0527/101503.743:ERROR:exception_snapshot_win.cc(98)] thread ID 848 not found in process
[0527/101503.880:ERROR:process_reader_win.cc(123)] NtOpenThread: {액세스 거부} 프로세스가 개체에 액세스를 요구했지만 액세스 권한이 없습니다. (0xc0000022)
[0527/101503.880:ERROR:exception_snapshot_win.cc(98)] thread ID 20176 not found in process
[0527/101631.387:ERROR:process_reader_win.cc(123)] NtOpenThread: {액세스 거부} 프로세스가 개체에 액세스를 요구했지만 액세스 권한이 없습니다. (0xc0000022)
[0527/101631.387:ERROR:exception_snapshot_win.cc(98)] thread ID 15512 not found in process
[0527/101631.403:ERROR:process_info.cc(329)] VirtualQueryEx: 액세스가 거부되었습니다. (0x5)
[0527/101631.418:ERROR:process_info.cc(556)] ReadMemoryInfo failed
[0527/101631.418:ERROR:process_memory_win.cc(39)] Failed to initialize ProcessInfo.
[0527/101631.418:ERROR:scoped_process_suspend.cc(40)] NtResumeProcess: 기존 프로세스에 액세스하려고 했습니다. (0xc000010a)
[0527/101904.347:ERROR:process_reader_win.cc(123)] NtOpenThread: {액세스 거부} 프로세스가 개체에 액세스를 요구했지만 액세스 권한이 없습니다. (0xc0000022)
[0527/101904.347:ERROR:exception_snapshot_win.cc(98)] thread ID 1836 not found in process
[0527/101904.377:ERROR:process_reader_win.cc(123)] NtOpenThread: {액세스 거부} 프로세스가 개체에 액세스를 요구했지만 액세스 권한이 없습니다. (0xc0000022)
[0527/101904.377:ERROR:exception_snapshot_win.cc(98)] thread ID 23296 not found in process
[0527/101933.308:ERROR:process_reader_win.cc(123)] NtOpenThread: {액세스 거부} 프로세스가 개체에 액세스를 요구했지만 액세스 권한이 없습니다. (0xc0000022)
[0527/101933.308:ERROR:exception_snapshot_win.cc(98)] thread ID 8692 not found in process
[0527/101933.373:ERROR:process_info.cc(329)] VirtualQueryEx: 액세스가 거부되었습니다. (0x5)
[0527/101933.373:ERROR:process_info.cc(556)] ReadMemoryInfo failed
[0527/101933.373:ERROR:process_memory_win.cc(39)] Failed to initialize ProcessInfo.
[0527/101933.373:ERROR:scoped_process_suspend.cc(40)] NtResumeProcess: 기존 프로세스에 액세스하려고 했습니다. (0xc000010a)
[0527/102700.188:ERROR:process_reader_win.cc(123)] NtOpenThread: {액세스 거부} 프로세스가 개체에 액세스를 요구했지만 액세스 권한이 없습니다. (0xc0000022)
[0527/102700.203:ERROR:exception_snapshot_win.cc(98)] thread ID 18168 not found in process
[0527/102700.219:ERROR:process_info.cc(329)] VirtualQueryEx: 액세스가 거부되었습니다. (0x5)
[0527/102700.219:ERROR:process_info.cc(556)] ReadMemoryInfo failed
[0527/102700.235:ERROR:process_memory_win.cc(39)] Failed to initialize ProcessInfo.
[0527/102700.235:ERROR:scoped_process_suspend.cc(40)] NtResumeProcess: 기존 프로세스에 액세스하려고 했습니다. (0xc000010a)
[0527/102829.934:ERROR:process_reader_win.cc(123)] NtOpenThread: {액세스 거부} 프로세스가 개체에 액세스를 요구했지만 액세스 권한이 없습니다. (0xc0000022)
[0527/102829.936:ERROR:exception_snapshot_win.cc(98)] thread ID 8116 not found in process
[0527/102830.051:ERROR:process_reader_win.cc(123)] NtOpenThread: {액세스 거부} 프로세스가 개체에 액세스를 요구했지만 액세스 권한이 없습니다. (0xc0000022)
[0527/102830.051:ERROR:exception_snapshot_win.cc(98)] thread ID 22192 not found in process
[0527/102914.735:ERROR:process_reader_win.cc(123)] NtOpenThread: {액세스 거부} 프로세스가 개체에 액세스를 요구했지만 액세스 권한이 없습니다. (0xc0000022)
[0527/102914.736:ERROR:exception_snapshot_win.cc(98)] thread ID 19632 not found in process
[0527/102914.791:ERROR:process_reader_win.cc(123)] NtOpenThread: {액세스 거부} 프로세스가 개체에 액세스를 요구했지만 액세스 권한이 없습니다. (0xc0000022)
[0527/102914.791:ERROR:exception_snapshot_win.cc(98)] thread ID 18896 not found in process
[0527/102914.857:ERROR:process_reader_win.cc(123)] NtOpenThread: {액세스 거부} 프로세스가 개체에 액세스를 요구했지만 액세스 권한이 없습니다. (0xc0000022)
[0527/102914.857:ERROR:exception_snapshot_win.cc(98)] thread ID 3320 not found in process
[0527/103140.565:ERROR:process_reader_win.cc(123)] NtOpenThread: {액세스 거부} 프로세스가 개체에 액세스를 요구했지만 액세스 권한이 없습니다. (0xc0000022)
[0527/103140.566:ERROR:exception_snapshot_win.cc(98)] thread ID 21580 not found in process
[0527/103140.628:ERROR:process_info.cc(329)] VirtualQueryEx: 액세스가 거부되었습니다. (0x5)
[0527/103140.628:ERROR:process_info.cc(556)] ReadMemoryInfo failed
[0527/103140.628:ERROR:process_memory_win.cc(39)] Failed to initialize ProcessInfo.
[0527/103140.628:ERROR:scoped_process_suspend.cc(40)] NtResumeProcess: 기존 프로세스에 액세스하려고 했습니다. (0xc000010a)
[0527/103205.297:ERROR:process_reader_win.cc(123)] NtOpenThread: {액세스 거부} 프로세스가 개체에 액세스를 요구했지만 액세스 권한이 없습니다. (0xc0000022)
[0527/103205.297:ERROR:exception_snapshot_win.cc(98)] thread ID 9344 not found in process
[0527/103205.332:ERROR:process_info.cc(329)] VirtualQueryEx: 액세스가 거부되었습니다. (0x5)
[0527/103205.332:ERROR:process_info.cc(556)] ReadMemoryInfo failed
[0527/103205.332:ERROR:process_memory_win.cc(39)] Failed to initialize ProcessInfo.
[0527/103205.332:ERROR:scoped_process_suspend.cc(40)] NtResumeProcess: 기존 프로세스에 액세스하려고 했습니다. (0xc000010a)
[0527/103245.338:ERROR:process_reader_win.cc(123)] NtOpenThread: {액세스 거부} 프로세스가 개체에 액세스를 요구했지만 액세스 권한이 없습니다. (0xc0000022)
[0527/103245.341:ERROR:exception_snapshot_win.cc(98)] thread ID 13548 not found in process
[0527/103245.417:ERROR:process_reader_win.cc(123)] NtOpenThread: {액세스 거부} 프로세스가 개체에 액세스를 요구했지만 액세스 권한이 없습니다. (0xc0000022)
[0527/103245.417:ERROR:exception_snapshot_win.cc(98)] thread ID 21356 not found in process
[0527/103401.558:ERROR:process_reader_win.cc(123)] NtOpenThread: {액세스 거부} 프로세스가 개체에 액세스를 요구했지만 액세스 권한이 없습니다. (0xc0000022)
[0527/103401.558:ERROR:exception_snapshot_win.cc(98)] thread ID 9580 not found in process
[0527/103401.630:ERROR:process_info.cc(329)] VirtualQueryEx: 액세스가 거부되었습니다. (0x5)
[0527/103401.631:ERROR:process_info.cc(556)] ReadMemoryInfo failed
[0527/103401.631:ERROR:process_memory_win.cc(39)] Failed to initialize ProcessInfo.
[0527/103401.631:ERROR:scoped_process_suspend.cc(40)] NtResumeProcess: 기존 프로세스에 액세스하려고 했습니다. (0xc000010a)
[0527/103502.234:ERROR:process_reader_win.cc(123)] NtOpenThread: {액세스 거부} 프로세스가 개체에 액세스를 요구했지만 액세스 권한이 없습니다. (0xc0000022)
[0527/103502.234:ERROR:exception_snapshot_win.cc(98)] thread ID 5572 not found in process
[0527/103502.373:ERROR:process_reader_win.cc(123)] NtOpenThread: {액세스 거부} 프로세스가 개체에 액세스를 요구했지만 액세스 권한이 없습니다. (0xc0000022)
[0527/103502.373:ERROR:exception_snapshot_win.cc(98)] thread ID 9464 not found in process
[0527/104039.804:ERROR:process_reader_win.cc(123)] NtOpenThread: {액세스 거부} 프로세스가 개체에 액세스를 요구했지만 액세스 권한이 없습니다. (0xc0000022)
[0527/104039.804:ERROR:exception_snapshot_win.cc(98)] thread ID 10816 not found in process
[0527/104039.893:ERROR:process_info.cc(329)] VirtualQueryEx: 액세스가 거부되었습니다. (0x5)
[0527/104039.893:ERROR:process_info.cc(556)] ReadMemoryInfo failed
[0527/104039.893:ERROR:process_memory_win.cc(39)] Failed to initialize ProcessInfo.
[0527/104039.893:ERROR:scoped_process_suspend.cc(40)] NtResumeProcess: 기존 프로세스에 액세스하려고 했습니다. (0xc000010a)
[0527/104409.037:ERROR:process_reader_win.cc(123)] NtOpenThread: {액세스 거부} 프로세스가 개체에 액세스를 요구했지만 액세스 권한이 없습니다. (0xc0000022)
[0527/104409.037:ERROR:exception_snapshot_win.cc(98)] thread ID 18900 not found in process
[0527/104409.084:ERROR:process_reader_win.cc(123)] NtOpenThread: {액세스 거부} 프로세스가 개체에 액세스를 요구했지만 액세스 권한이 없습니다. (0xc0000022)
[0527/104409.084:ERROR:exception_snapshot_win.cc(98)] thread ID 24232 not found in process
[0527/104707.882:ERROR:process_reader_win.cc(123)] NtOpenThread: {액세스 거부} 프로세스가 개체에 액세스를 요구했지만 액세스 권한이 없습니다. (0xc0000022)
[0527/104707.882:ERROR:exception_snapshot_win.cc(98)] thread ID 16528 not found in process
[0527/104707.913:ERROR:process_info.cc(329)] VirtualQueryEx: 액세스가 거부되었습니다. (0x5)
[0527/104707.913:ERROR:process_info.cc(556)] ReadMemoryInfo failed
[0527/104707.913:ERROR:process_memory_win.cc(39)] Failed to initialize ProcessInfo.
[0527/104707.913:ERROR:scoped_process_suspend.cc(40)] NtResumeProcess: 기존 프로세스에 액세스하려고 했습니다. (0xc000010a)
[0527/105403.084:ERROR:process_reader_win.cc(123)] NtOpenThread: {액세스 거부} 프로세스가 개체에 액세스를 요구했지만 액세스 권한이 없습니다. (0xc0000022)
[0527/105403.084:ERROR:exception_snapshot_win.cc(98)] thread ID 10976 not found in process
[0527/105403.115:ERROR:process_info.cc(329)] VirtualQueryEx: 액세스가 거부되었습니다. (0x5)
[0527/105403.115:ERROR:process_info.cc(556)] ReadMemoryInfo failed
[0527/105403.131:ERROR:process_memory_win.cc(39)] Failed to initialize ProcessInfo.
[0527/105403.131:ERROR:scoped_process_suspend.cc(40)] NtResumeProcess: 기존 프로세스에 액세스하려고 했습니다. (0xc000010a)
[0527/105734.127:ERROR:process_reader_win.cc(123)] NtOpenThread: {액세스 거부} 프로세스가 개체에 액세스를 요구했지만 액세스 권한이 없습니다. (0xc0000022)
[0527/105734.127:ERROR:exception_snapshot_win.cc(98)] thread ID 5844 not found in process
[0527/105734.210:ERROR:process_info.cc(329)] VirtualQueryEx: 액세스가 거부되었습니다. (0x5)
[0527/105734.211:ERROR:process_info.cc(556)] ReadMemoryInfo failed
[0527/105734.211:ERROR:process_memory_win.cc(39)] Failed to initialize ProcessInfo.
[0527/105734.211:ERROR:scoped_process_suspend.cc(40)] NtResumeProcess: 기존 프로세스에 액세스하려고 했습니다. (0xc000010a)
[0528/105624.828:ERROR:process_reader_win.cc(123)] NtOpenThread: {액세스 거부} 프로세스가 개체에 액세스를 요구했지만 액세스 권한이 없습니다. (0xc0000022)
[0528/105624.832:ERROR:exception_snapshot_win.cc(98)] thread ID 24428 not found in process
[0528/105624.933:ERROR:process_reader_win.cc(123)] NtOpenThread: {액세스 거부} 프로세스가 개체에 액세스를 요구했지만 액세스 권한이 없습니다. (0xc0000022)
[0528/105624.933:ERROR:exception_snapshot_win.cc(98)] thread ID 3784 not found in process
[0528/105657.135:ERROR:process_reader_win.cc(123)] NtOpenThread: {액세스 거부} 프로세스가 개체에 액세스를 요구했지만 액세스 권한이 없습니다. (0xc0000022)
[0528/105657.137:ERROR:exception_snapshot_win.cc(98)] thread ID 14672 not found in process
[0528/105657.171:ERROR:process_info.cc(329)] VirtualQueryEx: 액세스가 거부되었습니다. (0x5)
[0528/105657.171:ERROR:process_info.cc(556)] ReadMemoryInfo failed
[0528/105657.171:ERROR:process_memory_win.cc(39)] Failed to initialize ProcessInfo.
[0528/105657.171:ERROR:scoped_process_suspend.cc(40)] NtResumeProcess: 기존 프로세스에 액세스하려고 했습니다. (0xc000010a)
